<?xml version="1.0" encoding="UTF-8"?>
<testsuite xmlns:xsi="http://www.w3.org/2001/XMLSchema-instance" xsi:schemaLocation="https://maven.apache.org/surefire/maven-surefire-plugin/xsd/surefire-test-report.xsd" name="org.apache.rocketmq.console.service.impl.MessageServiceImplTest" time="41.402" tests="5" errors="5" skipped="0" failures="0">
  <properties>
[...]
</properties>
  <testcase name="consumeMessageDirectly" classname="org.apache.rocketmq.console.service.impl.MessageServiceImplTest" time="7.288">
    <error message="send message error" type="java.lang.RuntimeException">java.lang.RuntimeException: send message error
	at org.apache.rocketmq.console.service.impl.MessageServiceImplTest.setUp(MessageServiceImplTest.java:56)
</error>
    <system-out><![CDATA[[2018-03-14 12:05:23.159]  WARN AllocateMappedFileService interrupted, possibly by shutdown.

  .   ____          _            __ _ _
 /\\ / ___'_ __ _ _(_)_ __  __ _ \ \ \ \
( ( )\___ | '_ | '_| | '_ \/ _` | \ \ \ \
 \\/  ___)| |_)| | | | | || (_| |  ) ) ) )
  '  |____| .__|_| |_|_| |_\__, | / / / /
 =========|_|==============|___/=/_/_/_/
 :: Spring Boot ::        (v1.4.3.RELEASE)

[2018-03-14 12:05:30.802]  WARN get Topic [TEST_CONSOLE_TOPIC] RouteInfoFromNameServer is not exist value
[2018-03-14 12:05:30.802]  WARN updateTopicRouteInfoFromNameServer Exception
org.apache.rocketmq.client.exception.MQClientException: CODE: 17  DESC: No topic route info in name server for the topic: TEST_CONSOLE_TOPIC
See http://rocketmq.apache.org/docs/faq/ for further details.
	at org.apache.rocketmq.client.impl.MQClientAPIImpl.getTopicRouteInfoFromNameServer(MQClientAPIImpl.java:1212)
	at org.apache.rocketmq.client.impl.factory.MQClientInstance.updateTopicRouteInfoFromNameServer(MQClientInstance.java:555)
	at org.apache.rocketmq.client.impl.factory.MQClientInstance.updateTopicRouteInfoFromNameServer(MQClientInstance.java:449)
	at org.apache.rocketmq.client.impl.consumer.DefaultMQPushConsumerImpl.updateTopicSubscribeInfoWhenSubscriptionChanged(DefaultMQPushConsumerImpl.java:802)
	at org.apache.rocketmq.client.impl.consumer.DefaultMQPushConsumerImpl.start(DefaultMQPushConsumerImpl.java:617)
	at org.apache.rocketmq.client.consumer.DefaultMQPushConsumer.start(DefaultMQPushConsumer.java:456)
	at org.apache.rocketmq.console.testbase.RocketMQConsoleTestBase.startTestMQConsumer(RocketMQConsoleTestBase.java:137)
	at org.apache.rocketmq.console.testbase.RocketMQConsoleTestBase.initMQClientEnv(RocketMQConsoleTestBase.java:156)
	at org.apache.rocketmq.console.service.impl.MessageServiceImplTest.setUp(MessageServiceImplTest.java:54)
	at sun.reflect.NativeMethodAccessorImpl.invoke0(Native Method)
	at sun.reflect.NativeMethodAccessorImpl.invoke(NativeMethodAccessorImpl.java:57)
	at sun.reflect.DelegatingMethodAccessorImpl.invoke(DelegatingMethodAccessorImpl.java:43)
	at java.lang.reflect.Method.invoke(Method.java:606)
	at org.junit.runners.model.FrameworkMethod$1.runReflectiveCall(FrameworkMethod.java:50)
	at org.junit.internal.runners.model.ReflectiveCallable.run(ReflectiveCallable.java:12)
	at org.junit.runners.model.FrameworkMethod.invokeExplosively(FrameworkMethod.java:47)
	at org.junit.internal.runners.statements.RunBefores.evaluate(RunBefores.java:24)
	at org.springframework.test.context.junit4.statements.RunBeforeTestMethodCallbacks.evaluate(RunBeforeTestMethodCallbacks.java:75)
	at org.junit.internal.runners.statements.RunAfters.evaluate(RunAfters.java:27)
	at org.springframework.test.context.junit4.statements.RunAfterTestMethodCallbacks.evaluate(RunAfterTestMethodCallbacks.java:86)
	at org.springframework.test.context.junit4.statements.SpringRepeat.evaluate(SpringRepeat.java:84)
	at org.junit.runners.ParentRunner.runLeaf(ParentRunner.java:325)
	at org.springframework.test.context.junit4.SpringJUnit4ClassRunner.runChild(SpringJUnit4ClassRunner.java:252)
	at org.springframework.test.context.junit4.SpringJUnit4ClassRunner.runChild(SpringJUnit4ClassRunner.java:94)
	at org.junit.runners.ParentRunner$3.run(ParentRunner.java:290)
	at org.junit.runners.ParentRunner$1.schedule(ParentRunner.java:71)
	at org.junit.runners.ParentRunner.runChildren(ParentRunner.java:288)
	at org.junit.runners.ParentRunner.access$000(ParentRunner.java:58)
	at org.junit.runners.ParentRunner$2.evaluate(ParentRunner.java:268)
	at org.springframework.test.context.junit4.statements.RunBeforeTestClassCallbacks.evaluate(RunBeforeTestClassCallbacks.java:61)
	at org.springframework.test.context.junit4.statements.RunAfterTestClassCallbacks.evaluate(RunAfterTestClassCallbacks.java:70)
	at org.junit.runners.ParentRunner.run(ParentRunner.java:363)
	at org.springframework.test.context.junit4.SpringJUnit4ClassRunner.run(SpringJUnit4ClassRunner.java:191)
	at org.apache.maven.surefire.junit4.JUnit4Provider.execute(JUnit4Provider.java:367)
	at org.apache.maven.surefire.junit4.JUnit4Provider.executeWithRerun(JUnit4Provider.java:274)
	at org.apache.maven.surefire.junit4.JUnit4Provider.executeTestSet(JUnit4Provider.java:238)
	at org.apache.maven.surefire.junit4.JUnit4Provider.invoke(JUnit4Provider.java:161)
	at org.apache.maven.surefire.booter.ForkedBooter.invokeProviderInSameClassLoader(ForkedBooter.java:290)
	at org.apache.maven.surefire.booter.ForkedBooter.runSuitesInProcess(ForkedBooter.java:242)
	at org.apache.maven.surefire.booter.ForkedBooter.main(ForkedBooter.java:121)
[2018-03-14 12:05:30.804]  WARN get Topic [%RETRY%CONSOLE_TEST_CONSUMER_GROUP] RouteInfoFromNameServer is not exist value
[2018-03-14 12:05:30.824]  WARN get Topic [TEST_CONSOLE_TOPIC] RouteInfoFromNameServer is not exist value
[2018-03-14 12:05:30.825]  WARN updateTopicRouteInfoFromNameServer Exception
org.apache.rocketmq.client.exception.MQClientException: CODE: 17  DESC: No topic route info in name server for the topic: TEST_CONSOLE_TOPIC
See http://rocketmq.apache.org/docs/faq/ for further details.
	at org.apache.rocketmq.client.impl.MQClientAPIImpl.getTopicRouteInfoFromNameServer(MQClientAPIImpl.java:1212)
	at org.apache.rocketmq.client.impl.factory.MQClientInstance.updateTopicRouteInfoFromNameServer(MQClientInstance.java:555)
	at org.apache.rocketmq.client.impl.factory.MQClientInstance.updateTopicRouteInfoFromNameServer(MQClientInstance.java:449)
	at org.apache.rocketmq.client.impl.factory.MQClientInstance.findConsumerIdList(MQClientInstance.java:990)
	at org.apache.rocketmq.client.impl.consumer.RebalanceImpl.rebalanceByTopic(RebalanceImpl.java:260)
	at org.apache.rocketmq.client.impl.consumer.RebalanceImpl.doRebalance(RebalanceImpl.java:223)
	at org.apache.rocketmq.client.impl.consumer.DefaultMQPushConsumerImpl.doRebalance(DefaultMQPushConsumerImpl.java:925)
	at org.apache.rocketmq.client.impl.factory.MQClientInstance.doRebalance(MQClientInstance.java:900)
	at org.apache.rocketmq.client.impl.consumer.RebalanceService.run(RebalanceService.java:44)
	at java.lang.Thread.run(Thread.java:745)
[2018-03-14 12:05:30.825]  WARN doRebalance, CONSOLE_TEST_CONSUMER_GROUP, but the topic[TEST_CONSOLE_TOPIC] not exist.
[2018-03-14 12:05:30.825]  WARN doRebalance, CONSOLE_TEST_CONSUMER_GROUP TEST_CONSOLE_TOPIC, get consumer id list failed
[2018-03-14 12:05:30.828]  WARN get Topic [TEST_CONSOLE_TOPIC] RouteInfoFromNameServer is not exist value
[2018-03-14 12:05:30.828]  WARN updateTopicRouteInfoFromNameServer Exception
org.apache.rocketmq.client.exception.MQClientException: CODE: 17  DESC: No topic route info in name server for the topic: TEST_CONSOLE_TOPIC
See http://rocketmq.apache.org/docs/faq/ for further details.
	at org.apache.rocketmq.client.impl.MQClientAPIImpl.getTopicRouteInfoFromNameServer(MQClientAPIImpl.java:1212)
	at org.apache.rocketmq.client.impl.factory.MQClientInstance.updateTopicRouteInfoFromNameServer(MQClientInstance.java:555)
	at org.apache.rocketmq.client.impl.factory.MQClientInstance.updateTopicRouteInfoFromNameServer(MQClientInstance.java:449)
	at org.apache.rocketmq.client.impl.factory.MQClientInstance.updateTopicRouteInfoFromNameServer(MQClientInstance.java:356)
	at org.apache.rocketmq.client.impl.factory.MQClientInstance$3.run(MQClientInstance.java:273)
	at java.util.concurrent.Executors$RunnableAdapter.call(Executors.java:471)
	at java.util.concurrent.FutureTask.runAndReset(FutureTask.java:304)
	at java.util.concurrent.ScheduledThreadPoolExecutor$ScheduledFutureTask.access$301(ScheduledThreadPoolExecutor.java:178)
	at java.util.concurrent.ScheduledThreadPoolExecutor$ScheduledFutureTask.run(ScheduledThreadPoolExecutor.java:293)
	at java.util.concurrent.ThreadPoolExecutor.runWorker(ThreadPoolExecutor.java:1145)
	at java.util.concurrent.ThreadPoolExecutor$Worker.run(ThreadPoolExecutor.java:615)
	at java.lang.Thread.run(Thread.java:745)
[2018-03-14 12:05:30.834]  WARN get Topic [%RETRY%CONSOLE_TEST_CONSUMER_GROUP] RouteInfoFromNameServer is not exist value
[2018-03-14 12:05:30.838]  WARN get Topic [%RETRY%CONSOLE_TEST_CONSUMER_GROUP] RouteInfoFromNameServer is not exist value
[2018-03-14 12:05:30.838]  WARN doRebalance, CONSOLE_TEST_CONSUMER_GROUP %RETRY%CONSOLE_TEST_CONSUMER_GROUP, get consumer id list failed
[2018-03-14 12:05:31.652]  WARN get Topic [TEST_CONSOLE_TOPIC] RouteInfoFromNameServer is not exist value
[2018-03-14 12:05:31.652]  WARN updateTopicRouteInfoFromNameServer Exception
org.apache.rocketmq.client.exception.MQClientException: CODE: 17  DESC: No topic route info in name server for the topic: TEST_CONSOLE_TOPIC
See http://rocketmq.apache.org/docs/faq/ for further details.
	at org.apache.rocketmq.client.impl.MQClientAPIImpl.getTopicRouteInfoFromNameServer(MQClientAPIImpl.java:1212)
	at org.apache.rocketmq.client.impl.factory.MQClientInstance.updateTopicRouteInfoFromNameServer(MQClientInstance.java:555)
	at org.apache.rocketmq.client.impl.factory.MQClientInstance.updateTopicRouteInfoFromNameServer(MQClientInstance.java:449)
	at org.apache.rocketmq.client.impl.producer.DefaultMQProducerImpl.tryToFindTopicPublishInfo(DefaultMQProducerImpl.java:567)
	at org.apache.rocketmq.client.impl.producer.DefaultMQProducerImpl.sendDefaultImpl(DefaultMQProducerImpl.java:442)
	at org.apache.rocketmq.client.impl.producer.DefaultMQProducerImpl.send(DefaultMQProducerImpl.java:1049)
	at org.apache.rocketmq.client.impl.producer.DefaultMQProducerImpl.send(DefaultMQProducerImpl.java:1008)
	at org.apache.rocketmq.client.producer.DefaultMQProducer.send(DefaultMQProducer.java:204)
	at org.apache.rocketmq.console.testbase.RocketMQConsoleTestBase.sendTestTopicMessage(RocketMQConsoleTestBase.java:107)
	at org.apache.rocketmq.console.service.impl.MessageServiceImplTest.setUp(MessageServiceImplTest.java:56)
	at sun.reflect.NativeMethodAccessorImpl.invoke0(Native Method)
	at sun.reflect.NativeMethodAccessorImpl.invoke(NativeMethodAccessorImpl.java:57)
	at sun.reflect.DelegatingMethodAccessorImpl.invoke(DelegatingMethodAccessorImpl.java:43)
	at java.lang.reflect.Method.invoke(Method.java:606)
	at org.junit.runners.model.FrameworkMethod$1.runReflectiveCall(FrameworkMethod.java:50)
	at org.junit.internal.runners.model.ReflectiveCallable.run(ReflectiveCallable.java:12)
	at org.junit.runners.model.FrameworkMethod.invokeExplosively(FrameworkMethod.java:47)
	at org.junit.internal.runners.statements.RunBefores.evaluate(RunBefores.java:24)
	at org.springframework.test.context.junit4.statements.RunBeforeTestMethodCallbacks.evaluate(RunBeforeTestMethodCallbacks.java:75)
	at org.junit.internal.runners.statements.RunAfters.evaluate(RunAfters.java:27)
	at org.springframework.test.context.junit4.statements.RunAfterTestMethodCallbacks.evaluate(RunAfterTestMethodCallbacks.java:86)
	at org.springframework.test.context.junit4.statements.SpringRepeat.evaluate(SpringRepeat.java:84)
	at org.junit.runners.ParentRunner.runLeaf(ParentRunner.java:325)
	at org.springframework.test.context.junit4.SpringJUnit4ClassRunner.runChild(SpringJUnit4ClassRunner.java:252)
	at org.springframework.test.context.junit4.SpringJUnit4ClassRunner.runChild(SpringJUnit4ClassRunner.java:94)
	at org.junit.runners.ParentRunner$3.run(ParentRunner.java:290)
	at org.junit.runners.ParentRunner$1.schedule(ParentRunner.java:71)
	at org.junit.runners.ParentRunner.runChildren(ParentRunner.java:288)
	at org.junit.runners.ParentRunner.access$000(ParentRunner.java:58)
	at org.junit.runners.ParentRunner$2.evaluate(ParentRunner.java:268)
	at org.springframework.test.context.junit4.statements.RunBeforeTestClassCallbacks.evaluate(RunBeforeTestClassCallbacks.java:61)
	at org.springframework.test.context.junit4.statements.RunAfterTestClassCallbacks.evaluate(RunAfterTestClassCallbacks.java:70)
	at org.junit.runners.ParentRunner.run(ParentRunner.java:363)
	at org.springframework.test.context.junit4.SpringJUnit4ClassRunner.run(SpringJUnit4ClassRunner.java:191)
	at org.apache.maven.surefire.junit4.JUnit4Provider.execute(JUnit4Provider.java:367)
	at org.apache.maven.surefire.junit4.JUnit4Provider.executeWithRerun(JUnit4Provider.java:274)
	at org.apache.maven.surefire.junit4.JUnit4Provider.executeTestSet(JUnit4Provider.java:238)
	at org.apache.maven.surefire.junit4.JUnit4Provider.invoke(JUnit4Provider.java:161)
	at org.apache.maven.surefire.booter.ForkedBooter.invokeProviderInSameClassLoader(ForkedBooter.java:290)
	at org.apache.maven.surefire.booter.ForkedBooter.runSuitesInProcess(ForkedBooter.java:242)
	at org.apache.maven.surefire.booter.ForkedBooter.main(ForkedBooter.java:121)
[2018-03-14 12:05:31.821]  WARN doRebalance, CONSOLE_TEST_CONSUMER_GROUP, but the topic[TEST_CONSOLE_TOPIC] not exist.
[2018-03-14 12:05:31.910] ERROR map file C:\Users\Administrator\rocketmq-console-test\20180314120526\commitlog\00000000000000000000 Failed. 
java.io.IOException: Map failed
	at sun.nio.ch.FileChannelImpl.map(FileChannelImpl.java:888)
	at org.apache.rocketmq.store.MappedFile.init(MappedFile.java:160)
	at org.apache.rocketmq.store.MappedFile.<init>(MappedFile.java:71)
	at org.apache.rocketmq.store.AllocateMappedFileService.mmapOperation(AllocateMappedFileService.java:182)
	at org.apache.rocketmq.store.AllocateMappedFileService.run(AllocateMappedFileService.java:143)
	at java.lang.Thread.run(Thread.java:745)
Caused by: java.lang.OutOfMemoryError: Map failed
	at sun.nio.ch.FileChannelImpl.map0(Native Method)
	at sun.nio.ch.FileChannelImpl.map(FileChannelImpl.java:885)
	... 5 common frames omitted
[2018-03-14 12:05:31.911]  WARN AllocateMappedFileService service has exception. 
java.io.IOException: Map failed
	at sun.nio.ch.FileChannelImpl.map(FileChannelImpl.java:888)
	at org.apache.rocketmq.store.MappedFile.init(MappedFile.java:160)
	at org.apache.rocketmq.store.MappedFile.<init>(MappedFile.java:71)
	at org.apache.rocketmq.store.AllocateMappedFileService.mmapOperation(AllocateMappedFileService.java:182)
	at org.apache.rocketmq.store.AllocateMappedFileService.run(AllocateMappedFileService.java:143)
	at java.lang.Thread.run(Thread.java:745)
Caused by: java.lang.OutOfMemoryError: Map failed
	at sun.nio.ch.FileChannelImpl.map0(Native Method)
	at sun.nio.ch.FileChannelImpl.map(FileChannelImpl.java:885)
	... 5 common frames omitted
[2018-03-14 12:05:32.124] ERROR map file C:\Users\Administrator\rocketmq-console-test\20180314120526\commitlog\00000000000000000000 Failed. 
java.io.IOException: Map failed
	at sun.nio.ch.FileChannelImpl.map(FileChannelImpl.java:888)
	at org.apache.rocketmq.store.MappedFile.init(MappedFile.java:160)
	at org.apache.rocketmq.store.MappedFile.<init>(MappedFile.java:71)
	at org.apache.rocketmq.store.AllocateMappedFileService.mmapOperation(AllocateMappedFileService.java:182)
	at org.apache.rocketmq.store.AllocateMappedFileService.run(AllocateMappedFileService.java:143)
	at java.lang.Thread.run(Thread.java:745)
Caused by: java.lang.OutOfMemoryError: Map failed
	at sun.nio.ch.FileChannelImpl.map0(Native Method)
	at sun.nio.ch.FileChannelImpl.map(FileChannelImpl.java:885)
	... 5 common frames omitted
[2018-03-14 12:05:32.124]  WARN AllocateMappedFileService service has exception. 
java.io.IOException: Map failed
	at sun.nio.ch.FileChannelImpl.map(FileChannelImpl.java:888)
	at org.apache.rocketmq.store.MappedFile.init(MappedFile.java:160)
	at org.apache.rocketmq.store.MappedFile.<init>(MappedFile.java:71)
	at org.apache.rocketmq.store.AllocateMappedFileService.mmapOperation(AllocateMappedFileService.java:182)
	at org.apache.rocketmq.store.AllocateMappedFileService.run(AllocateMappedFileService.java:143)
	at java.lang.Thread.run(Thread.java:745)
Caused by: java.lang.OutOfMemoryError: Map failed
	at sun.nio.ch.FileChannelImpl.map0(Native Method)
	at sun.nio.ch.FileChannelImpl.map(FileChannelImpl.java:885)
	... 5 common frames omitted
[2018-03-14 12:05:32.334] ERROR map file C:\Users\Administrator\rocketmq-console-test\20180314120526\commitlog\00000000000000000000 Failed. 
java.io.IOException: Map failed
	at sun.nio.ch.FileChannelImpl.map(FileChannelImpl.java:888)
	at org.apache.rocketmq.store.MappedFile.init(MappedFile.java:160)
	at org.apache.rocketmq.store.MappedFile.<init>(MappedFile.java:71)
	at org.apache.rocketmq.store.AllocateMappedFileService.mmapOperation(AllocateMappedFileService.java:182)
	at org.apache.rocketmq.store.AllocateMappedFileService.run(AllocateMappedFileService.java:143)
	at java.lang.Thread.run(Thread.java:745)
Caused by: java.lang.OutOfMemoryError: Map failed
	at sun.nio.ch.FileChannelImpl.map0(Native Method)
	at sun.nio.ch.FileChannelImpl.map(FileChannelImpl.java:885)
	... 5 common frames omitted
[2018-03-14 12:05:32.334]  WARN AllocateMappedFileService service has exception. 
java.io.IOException: Map failed
	at sun.nio.ch.FileChannelImpl.map(FileChannelImpl.java:888)
	at org.apache.rocketmq.store.MappedFile.init(MappedFile.java:160)
	at org.apache.rocketmq.store.MappedFile.<init>(MappedFile.java:71)
	at org.apache.rocketmq.store.AllocateMappedFileService.mmapOperation(AllocateMappedFileService.java:182)
	at org.apache.rocketmq.store.AllocateMappedFileService.run(AllocateMappedFileService.java:143)
	at java.lang.Thread.run(Thread.java:745)
Caused by: java.lang.OutOfMemoryError: Map failed
	at sun.nio.ch.FileChannelImpl.map0(Native Method)
	at sun.nio.ch.FileChannelImpl.map(FileChannelImpl.java:885)
	... 5 common frames omitted
[2018-03-14 12:05:32.544] ERROR map file C:\Users\Administrator\rocketmq-console-test\20180314120526\commitlog\00000000000000000000 Failed. 
java.io.IOException: Map failed
	at sun.nio.ch.FileChannelImpl.map(FileChannelImpl.java:888)
	at org.apache.rocketmq.store.MappedFile.init(MappedFile.java:160)
	at org.apache.rocketmq.store.MappedFile.<init>(MappedFile.java:71)
	at org.apache.rocketmq.store.AllocateMappedFileService.mmapOperation(AllocateMappedFileService.java:182)
	at org.apache.rocketmq.store.AllocateMappedFileService.run(AllocateMappedFileService.java:143)
	at java.lang.Thread.run(Thread.java:745)
Caused by: java.lang.OutOfMemoryError: Map failed
	at sun.nio.ch.FileChannelImpl.map0(Native Method)
	at sun.nio.ch.FileChannelImpl.map(FileChannelImpl.java:885)
	... 5 common frames omitted
[2018-03-14 12:05:32.545]  WARN AllocateMappedFileService service has exception. 
java.io.IOException: Map failed
	at sun.nio.ch.FileChannelImpl.map(FileChannelImpl.java:888)
	at org.apache.rocketmq.store.MappedFile.init(MappedFile.java:160)
	at org.apache.rocketmq.store.MappedFile.<init>(MappedFile.java:71)
	at org.apache.rocketmq.store.AllocateMappedFileService.mmapOperation(AllocateMappedFileService.java:182)
	at org.apache.rocketmq.store.AllocateMappedFileService.run(AllocateMappedFileService.java:143)
	at java.lang.Thread.run(Thread.java:745)
Caused by: java.lang.OutOfMemoryError: Map failed
	at sun.nio.ch.FileChannelImpl.map0(Native Method)
	at sun.nio.ch.FileChannelImpl.map(FileChannelImpl.java:885)
	... 5 common frames omitted
[2018-03-14 12:05:32.760] ERROR map file C:\Users\Administrator\rocketmq-console-test\20180314120526\commitlog\00000000000000000000 Failed. 
java.io.IOException: Map failed
	at sun.nio.ch.FileChannelImpl.map(FileChannelImpl.java:888)
	at org.apache.rocketmq.store.MappedFile.init(MappedFile.java:160)
	at org.apache.rocketmq.store.MappedFile.<init>(MappedFile.java:71)
	at org.apache.rocketmq.store.AllocateMappedFileService.mmapOperation(AllocateMappedFileService.java:182)
	at org.apache.rocketmq.store.AllocateMappedFileService.run(AllocateMappedFileService.java:143)
	at java.lang.Thread.run(Thread.java:745)
Caused by: java.lang.OutOfMemoryError: Map failed
	at sun.nio.ch.FileChannelImpl.map0(Native Method)
	at sun.nio.ch.FileChannelImpl.map(FileChannelImpl.java:885)
	... 5 common frames omitted
[2018-03-14 12:05:32.761]  WARN AllocateMappedFileService service has exception. 
java.io.IOException: Map failed
	at sun.nio.ch.FileChannelImpl.map(FileChannelImpl.java:888)
	at org.apache.rocketmq.store.MappedFile.init(MappedFile.java:160)
	at org.apache.rocketmq.store.MappedFile.<init>(MappedFile.java:71)
	at org.apache.rocketmq.store.AllocateMappedFileService.mmapOperation(AllocateMappedFileService.java:182)
	at org.apache.rocketmq.store.AllocateMappedFileService.run(AllocateMappedFileService.java:143)
	at java.lang.Thread.run(Thread.java:745)
Caused by: java.lang.OutOfMemoryError: Map failed
	at sun.nio.ch.FileChannelImpl.map0(Native Method)
	at sun.nio.ch.FileChannelImpl.map(FileChannelImpl.java:885)
	... 5 common frames omitted
[2018-03-14 12:05:32.979] ERROR map file C:\Users\Administrator\rocketmq-console-test\20180314120526\commitlog\00000000000000000000 Failed. 
java.io.IOException: Map failed
	at sun.nio.ch.FileChannelImpl.map(FileChannelImpl.java:888)
	at org.apache.rocketmq.store.MappedFile.init(MappedFile.java:160)
	at org.apache.rocketmq.store.MappedFile.<init>(MappedFile.java:71)
	at org.apache.rocketmq.store.AllocateMappedFileService.mmapOperation(AllocateMappedFileService.java:182)
	at org.apache.rocketmq.store.AllocateMappedFileService.run(AllocateMappedFileService.java:143)
	at java.lang.Thread.run(Thread.java:745)
Caused by: java.lang.OutOfMemoryError: Map failed
	at sun.nio.ch.FileChannelImpl.map0(Native Method)
	at sun.nio.ch.FileChannelImpl.map(FileChannelImpl.java:885)
	... 5 common frames omitted
[2018-03-14 12:05:32.979]  WARN AllocateMappedFileService service has exception. 
java.io.IOException: Map failed
	at sun.nio.ch.FileChannelImpl.map(FileChannelImpl.java:888)
	at org.apache.rocketmq.store.MappedFile.init(MappedFile.java:160)
	at org.apache.rocketmq.store.MappedFile.<init>(MappedFile.java:71)
	at org.apache.rocketmq.store.AllocateMappedFileService.mmapOperation(AllocateMappedFileService.java:182)
	at org.apache.rocketmq.store.AllocateMappedFileService.run(AllocateMappedFileService.java:143)
	at java.lang.Thread.run(Thread.java:745)
Caused by: java.lang.OutOfMemoryError: Map failed
	at sun.nio.ch.FileChannelImpl.map0(Native Method)
	at sun.nio.ch.FileChannelImpl.map(FileChannelImpl.java:885)
	... 5 common frames omitted
[2018-03-14 12:05:33.191] ERROR map file C:\Users\Administrator\rocketmq-console-test\20180314120526\commitlog\00000000000000000000 Failed. 
java.io.IOException: Map failed
	at sun.nio.ch.FileChannelImpl.map(FileChannelImpl.java:888)
	at org.apache.rocketmq.store.MappedFile.init(MappedFile.java:160)
	at org.apache.rocketmq.store.MappedFile.<init>(MappedFile.java:71)
	at org.apache.rocketmq.store.AllocateMappedFileService.mmapOperation(AllocateMappedFileService.java:182)
	at org.apache.rocketmq.store.AllocateMappedFileService.run(AllocateMappedFileService.java:143)
	at java.lang.Thread.run(Thread.java:745)
Caused by: java.lang.OutOfMemoryError: Map failed
	at sun.nio.ch.FileChannelImpl.map0(Native Method)
	at sun.nio.ch.FileChannelImpl.map(FileChannelImpl.java:885)
	... 5 common frames omitted
[2018-03-14 12:05:33.191]  WARN AllocateMappedFileService service has exception. 
java.io.IOException: Map failed
	at sun.nio.ch.FileChannelImpl.map(FileChannelImpl.java:888)
	at org.apache.rocketmq.store.MappedFile.init(MappedFile.java:160)
	at org.apache.rocketmq.store.MappedFile.<init>(MappedFile.java:71)
	at org.apache.rocketmq.store.AllocateMappedFileService.mmapOperation(AllocateMappedFileService.java:182)
	at org.apache.rocketmq.store.AllocateMappedFileService.run(AllocateMappedFileService.java:143)
	at java.lang.Thread.run(Thread.java:745)
Caused by: java.lang.OutOfMemoryError: Map failed
	at sun.nio.ch.FileChannelImpl.map0(Native Method)
	at sun.nio.ch.FileChannelImpl.map(FileChannelImpl.java:885)
	... 5 common frames omitted
[2018-03-14 12:05:33.402] ERROR map file C:\Users\Administrator\rocketmq-console-test\20180314120526\commitlog\00000000000000000000 Failed. 
java.io.IOException: Map failed
	at sun.nio.ch.FileChannelImpl.map(FileChannelImpl.java:888)
	at org.apache.rocketmq.store.MappedFile.init(MappedFile.java:160)
	at org.apache.rocketmq.store.MappedFile.<init>(MappedFile.java:71)
	at org.apache.rocketmq.store.AllocateMappedFileService.mmapOperation(AllocateMappedFileService.java:182)
	at org.apache.rocketmq.store.AllocateMappedFileService.run(AllocateMappedFileService.java:143)
	at java.lang.Thread.run(Thread.java:745)
Caused by: java.lang.OutOfMemoryError: Map failed
	at sun.nio.ch.FileChannelImpl.map0(Native Method)
	at sun.nio.ch.FileChannelImpl.map(FileChannelImpl.java:885)
	... 5 common frames omitted
[2018-03-14 12:05:33.402]  WARN AllocateMappedFileService service has exception. 
java.io.IOException: Map failed
	at sun.nio.ch.FileChannelImpl.map(FileChannelImpl.java:888)
	at org.apache.rocketmq.store.MappedFile.init(MappedFile.java:160)
	at org.apache.rocketmq.store.MappedFile.<init>(MappedFile.java:71)
	at org.apache.rocketmq.store.AllocateMappedFileService.mmapOperation(AllocateMappedFileService.java:182)
	at org.apache.rocketmq.store.AllocateMappedFileService.run(AllocateMappedFileService.java:143)
	at java.lang.Thread.run(Thread.java:745)
Caused by: java.lang.OutOfMemoryError: Map failed
	at sun.nio.ch.FileChannelImpl.map0(Native Method)
	at sun.nio.ch.FileChannelImpl.map(FileChannelImpl.java:885)
	... 5 common frames omitted
[2018-03-14 12:05:33.620] ERROR map file C:\Users\Administrator\rocketmq-console-test\20180314120526\commitlog\00000000000000000000 Failed. 
java.io.IOException: Map failed
	at sun.nio.ch.FileChannelImpl.map(FileChannelImpl.java:888)
	at org.apache.rocketmq.store.MappedFile.init(MappedFile.java:160)
	at org.apache.rocketmq.store.MappedFile.<init>(MappedFile.java:71)
	at org.apache.rocketmq.store.AllocateMappedFileService.mmapOperation(AllocateMappedFileService.java:182)
	at org.apache.rocketmq.store.AllocateMappedFileService.run(AllocateMappedFileService.java:143)
	at java.lang.Thread.run(Thread.java:745)
Caused by: java.lang.OutOfMemoryError: Map failed
	at sun.nio.ch.FileChannelImpl.map0(Native Method)
	at sun.nio.ch.FileChannelImpl.map(FileChannelImpl.java:885)
	... 5 common frames omitted
[2018-03-14 12:05:33.620]  WARN AllocateMappedFileService service has exception. 
java.io.IOException: Map failed
	at sun.nio.ch.FileChannelImpl.map(FileChannelImpl.java:888)
	at org.apache.rocketmq.store.MappedFile.init(MappedFile.java:160)
	at org.apache.rocketmq.store.MappedFile.<init>(MappedFile.java:71)
	at org.apache.rocketmq.store.AllocateMappedFileService.mmapOperation(AllocateMappedFileService.java:182)
	at org.apache.rocketmq.store.AllocateMappedFileService.run(AllocateMappedFileService.java:143)
	at java.lang.Thread.run(Thread.java:745)
Caused by: java.lang.OutOfMemoryError: Map failed
	at sun.nio.ch.FileChannelImpl.map0(Native Method)
	at sun.nio.ch.FileChannelImpl.map(FileChannelImpl.java:885)
	... 5 common frames omitted
[2018-03-14 12:05:33.838] ERROR map file C:\Users\Administrator\rocketmq-console-test\20180314120526\commitlog\00000000000000000000 Failed. 
java.io.IOException: Map failed
	at sun.nio.ch.FileChannelImpl.map(FileChannelImpl.java:888)
	at org.apache.rocketmq.store.MappedFile.init(MappedFile.java:160)
	at org.apache.rocketmq.store.MappedFile.<init>(MappedFile.java:71)
	at org.apache.rocketmq.store.AllocateMappedFileService.mmapOperation(AllocateMappedFileService.java:182)
	at org.apache.rocketmq.store.AllocateMappedFileService.run(AllocateMappedFileService.java:143)
	at java.lang.Thread.run(Thread.java:745)
Caused by: java.lang.OutOfMemoryError: Map failed
	at sun.nio.ch.FileChannelImpl.map0(Native Method)
	at sun.nio.ch.FileChannelImpl.map(FileChannelImpl.java:885)
	... 5 common frames omitted
[2018-03-14 12:05:33.839]  WARN AllocateMappedFileService service has exception. 
java.io.IOException: Map failed
	at sun.nio.ch.FileChannelImpl.map(FileChannelImpl.java:888)
	at org.apache.rocketmq.store.MappedFile.init(MappedFile.java:160)
	at org.apache.rocketmq.store.MappedFile.<init>(MappedFile.java:71)
	at org.apache.rocketmq.store.AllocateMappedFileService.mmapOperation(AllocateMappedFileService.java:182)
	at org.apache.rocketmq.store.AllocateMappedFileService.run(AllocateMappedFileService.java:143)
	at java.lang.Thread.run(Thread.java:745)
Caused by: java.lang.OutOfMemoryError: Map failed
	at sun.nio.ch.FileChannelImpl.map0(Native Method)
	at sun.nio.ch.FileChannelImpl.map(FileChannelImpl.java:885)
	... 5 common frames omitted
[2018-03-14 12:05:34.052] ERROR map file C:\Users\Administrator\rocketmq-console-test\20180314120526\commitlog\00000000000000000000 Failed. 
java.io.IOException: Map failed
	at sun.nio.ch.FileChannelImpl.map(FileChannelImpl.java:888)
	at org.apache.rocketmq.store.MappedFile.init(MappedFile.java:160)
	at org.apache.rocketmq.store.MappedFile.<init>(MappedFile.java:71)
	at org.apache.rocketmq.store.AllocateMappedFileService.mmapOperation(AllocateMappedFileService.java:182)
	at org.apache.rocketmq.store.AllocateMappedFileService.run(AllocateMappedFileService.java:143)
	at java.lang.Thread.run(Thread.java:745)
Caused by: java.lang.OutOfMemoryError: Map failed
	at sun.nio.ch.FileChannelImpl.map0(Native Method)
	at sun.nio.ch.FileChannelImpl.map(FileChannelImpl.java:885)
	... 5 common frames omitted
[2018-03-14 12:05:34.052]  WARN AllocateMappedFileService service has exception. 
java.io.IOException: Map failed
	at sun.nio.ch.FileChannelImpl.map(FileChannelImpl.java:888)
	at org.apache.rocketmq.store.MappedFile.init(MappedFile.java:160)
	at org.apache.rocketmq.store.MappedFile.<init>(MappedFile.java:71)
	at org.apache.rocketmq.store.AllocateMappedFileService.mmapOperation(AllocateMappedFileService.java:182)
	at org.apache.rocketmq.store.AllocateMappedFileService.run(AllocateMappedFileService.java:143)
	at java.lang.Thread.run(Thread.java:745)
Caused by: java.lang.OutOfMemoryError: Map failed
	at sun.nio.ch.FileChannelImpl.map0(Native Method)
	at sun.nio.ch.FileChannelImpl.map(FileChannelImpl.java:885)
	... 5 common frames omitted
[2018-03-14 12:05:34.271] ERROR map file C:\Users\Administrator\rocketmq-console-test\20180314120526\commitlog\00000000000000000000 Failed. 
java.io.IOException: Map failed
	at sun.nio.ch.FileChannelImpl.map(FileChannelImpl.java:888)
	at org.apache.rocketmq.store.MappedFile.init(MappedFile.java:160)
	at org.apache.rocketmq.store.MappedFile.<init>(MappedFile.java:71)
	at org.apache.rocketmq.store.AllocateMappedFileService.mmapOperation(AllocateMappedFileService.java:182)
	at org.apache.rocketmq.store.AllocateMappedFileService.run(AllocateMappedFileService.java:143)
	at java.lang.Thread.run(Thread.java:745)
Caused by: java.lang.OutOfMemoryError: Map failed
	at sun.nio.ch.FileChannelImpl.map0(Native Method)
	at sun.nio.ch.FileChannelImpl.map(FileChannelImpl.java:885)
	... 5 common frames omitted
[2018-03-14 12:05:34.271]  WARN AllocateMappedFileService service has exception. 
java.io.IOException: Map failed
	at sun.nio.ch.FileChannelImpl.map(FileChannelImpl.java:888)
	at org.apache.rocketmq.store.MappedFile.init(MappedFile.java:160)
	at org.apache.rocketmq.store.MappedFile.<init>(MappedFile.java:71)
	at org.apache.rocketmq.store.AllocateMappedFileService.mmapOperation(AllocateMappedFileService.java:182)
	at org.apache.rocketmq.store.AllocateMappedFileService.run(AllocateMappedFileService.java:143)
	at java.lang.Thread.run(Thread.java:745)
Caused by: java.lang.OutOfMemoryError: Map failed
	at sun.nio.ch.FileChannelImpl.map0(Native Method)
	at sun.nio.ch.FileChannelImpl.map(FileChannelImpl.java:885)
	... 5 common frames omitted
[2018-03-14 12:05:34.503] ERROR map file C:\Users\Administrator\rocketmq-console-test\20180314120526\commitlog\00000000000000000000 Failed. 
java.io.IOException: Map failed
	at sun.nio.ch.FileChannelImpl.map(FileChannelImpl.java:888)
	at org.apache.rocketmq.store.MappedFile.init(MappedFile.java:160)
	at org.apache.rocketmq.store.MappedFile.<init>(MappedFile.java:71)
	at org.apache.rocketmq.store.AllocateMappedFileService.mmapOperation(AllocateMappedFileService.java:182)
	at org.apache.rocketmq.store.AllocateMappedFileService.run(AllocateMappedFileService.java:143)
	at java.lang.Thread.run(Thread.java:745)
Caused by: java.lang.OutOfMemoryError: Map failed
	at sun.nio.ch.FileChannelImpl.map0(Native Method)
	at sun.nio.ch.FileChannelImpl.map(FileChannelImpl.java:885)
	... 5 common frames omitted
[2018-03-14 12:05:34.503]  WARN AllocateMappedFileService service has exception. 
java.io.IOException: Map failed
	at sun.nio.ch.FileChannelImpl.map(FileChannelImpl.java:888)
	at org.apache.rocketmq.store.MappedFile.init(MappedFile.java:160)
	at org.apache.rocketmq.store.MappedFile.<init>(MappedFile.java:71)
	at org.apache.rocketmq.store.AllocateMappedFileService.mmapOperation(AllocateMappedFileService.java:182)
	at org.apache.rocketmq.store.AllocateMappedFileService.run(AllocateMappedFileService.java:143)
	at java.lang.Thread.run(Thread.java:745)
Caused by: java.lang.OutOfMemoryError: Map failed
	at sun.nio.ch.FileChannelImpl.map0(Native Method)
	at sun.nio.ch.FileChannelImpl.map(FileChannelImpl.java:885)
	... 5 common frames omitted
[2018-03-14 12:05:34.677]  WARN invokeSync: wait response timeout exception, the channel[127.0.0.1:19053]
[2018-03-14 12:05:34.677]  WARN sendKernelImpl exception, resend at once, InvokeID: -368482643918694938, RT: 3023ms, Broker: MessageQueue [topic=TEST_CONSOLE_TOPIC, brokerName=ConsoleTestBroker, queueId=2]
org.apache.rocketmq.remoting.exception.RemotingTimeoutException: wait response on the channel <127.0.0.1:19053> timeout, 3000(ms)
	at org.apache.rocketmq.remoting.netty.NettyRemotingAbstract.invokeSyncImpl(NettyRemotingAbstract.java:291)
	at org.apache.rocketmq.remoting.netty.NettyRemotingClient.invokeSync(NettyRemotingClient.java:338)
	at org.apache.rocketmq.client.impl.MQClientAPIImpl.sendMessageSync(MQClientAPIImpl.java:343)
	at org.apache.rocketmq.client.impl.MQClientAPIImpl.sendMessage(MQClientAPIImpl.java:327)
	at org.apache.rocketmq.client.impl.MQClientAPIImpl.sendMessage(MQClientAPIImpl.java:290)
	at org.apache.rocketmq.client.impl.producer.DefaultMQProducerImpl.sendKernelImpl(DefaultMQProducerImpl.java:688)
	at org.apache.rocketmq.client.impl.producer.DefaultMQProducerImpl.sendDefaultImpl(DefaultMQProducerImpl.java:458)
	at org.apache.rocketmq.client.impl.producer.DefaultMQProducerImpl.send(DefaultMQProducerImpl.java:1049)
	at org.apache.rocketmq.client.impl.producer.DefaultMQProducerImpl.send(DefaultMQProducerImpl.java:1008)
	at org.apache.rocketmq.client.producer.DefaultMQProducer.send(DefaultMQProducer.java:204)
	at org.apache.rocketmq.console.testbase.RocketMQConsoleTestBase.sendTestTopicMessage(RocketMQConsoleTestBase.java:107)
	at org.apache.rocketmq.console.service.impl.MessageServiceImplTest.setUp(MessageServiceImplTest.java:56)
	at sun.reflect.NativeMethodAccessorImpl.invoke0(Native Method)
	at sun.reflect.NativeMethodAccessorImpl.invoke(NativeMethodAccessorImpl.java:57)
	at sun.reflect.DelegatingMethodAccessorImpl.invoke(DelegatingMethodAccessorImpl.java:43)
	at java.lang.reflect.Method.invoke(Method.java:606)
	at org.junit.runners.model.FrameworkMethod$1.runReflectiveCall(FrameworkMethod.java:50)
	at org.junit.internal.runners.model.ReflectiveCallable.run(ReflectiveCallable.java:12)
	at org.junit.runners.model.FrameworkMethod.invokeExplosively(FrameworkMethod.java:47)
	at org.junit.internal.runners.statements.RunBefores.evaluate(RunBefores.java:24)
	at org.springframework.test.context.junit4.statements.RunBeforeTestMethodCallbacks.evaluate(RunBeforeTestMethodCallbacks.java:75)
	at org.junit.internal.runners.statements.RunAfters.evaluate(RunAfters.java:27)
	at org.springframework.test.context.junit4.statements.RunAfterTestMethodCallbacks.evaluate(RunAfterTestMethodCallbacks.java:86)
	at org.springframework.test.context.junit4.statements.SpringRepeat.evaluate(SpringRepeat.java:84)
	at org.junit.runners.ParentRunner.runLeaf(ParentRunner.java:325)
	at org.springframework.test.context.junit4.SpringJUnit4ClassRunner.runChild(SpringJUnit4ClassRunner.java:252)
	at org.springframework.test.context.junit4.SpringJUnit4ClassRunner.runChild(SpringJUnit4ClassRunner.java:94)
	at org.junit.runners.ParentRunner$3.run(ParentRunner.java:290)
	at org.junit.runners.ParentRunner$1.schedule(ParentRunner.java:71)
	at org.junit.runners.ParentRunner.runChildren(ParentRunner.java:288)
	at org.junit.runners.ParentRunner.access$000(ParentRunner.java:58)
	at org.junit.runners.ParentRunner$2.evaluate(ParentRunner.java:268)
	at org.springframework.test.context.junit4.statements.RunBeforeTestClassCallbacks.evaluate(RunBeforeTestClassCallbacks.java:61)
	at org.springframework.test.context.junit4.statements.RunAfterTestClassCallbacks.evaluate(RunAfterTestClassCallbacks.java:70)
	at org.junit.runners.ParentRunner.run(ParentRunner.java:363)
	at org.springframework.test.context.junit4.SpringJUnit4ClassRunner.run(SpringJUnit4ClassRunner.java:191)
	at org.apache.maven.surefire.junit4.JUnit4Provider.execute(JUnit4Provider.java:367)
	at org.apache.maven.surefire.junit4.JUnit4Provider.executeWithRerun(JUnit4Provider.java:274)
	at org.apache.maven.surefire.junit4.JUnit4Provider.executeTestSet(JUnit4Provider.java:238)
	at org.apache.maven.surefire.junit4.JUnit4Provider.invoke(JUnit4Provider.java:161)
	at org.apache.maven.surefire.booter.ForkedBooter.invokeProviderInSameClassLoader(ForkedBooter.java:290)
	at org.apache.maven.surefire.booter.ForkedBooter.runSuitesInProcess(ForkedBooter.java:242)
	at org.apache.maven.surefire.booter.ForkedBooter.main(ForkedBooter.java:121)
[2018-03-14 12:05:34.677]  WARN Message [topic=TEST_CONSOLE_TOPIC, flag=0, properties={KEYS=TEST_TOPIC_KEY, WAIT=true, UNIQ_KEY=C0A859EB30A4011E1E6742F7BB86000B}, body=11]
[2018-03-14 12:05:34.679]  WARN sendKernelImpl exception, resend at once, InvokeID: -368482643918694938, RT: 2ms, Broker: MessageQueue [topic=TEST_CONSOLE_TOPIC, brokerName=ConsoleTestBroker, queueId=0]
org.apache.rocketmq.client.exception.MQBrokerException: CODE: 2  DESC: [REJECTREQUEST]system busy, start flow control for a while
For more information, please visit the url, http://rocketmq.apache.org/docs/faq/
	at org.apache.rocketmq.client.impl.MQClientAPIImpl.processSendResponse(MQClientAPIImpl.java:531)
	at org.apache.rocketmq.client.impl.MQClientAPIImpl.sendMessageSync(MQClientAPIImpl.java:345)
	at org.apache.rocketmq.client.impl.MQClientAPIImpl.sendMessage(MQClientAPIImpl.java:327)
	at org.apache.rocketmq.client.impl.MQClientAPIImpl.sendMessage(MQClientAPIImpl.java:290)
	at org.apache.rocketmq.client.impl.producer.DefaultMQProducerImpl.sendKernelImpl(DefaultMQProducerImpl.java:688)
	at org.apache.rocketmq.client.impl.producer.DefaultMQProducerImpl.sendDefaultImpl(DefaultMQProducerImpl.java:458)
	at org.apache.rocketmq.client.impl.producer.DefaultMQProducerImpl.send(DefaultMQProducerImpl.java:1049)
	at org.apache.rocketmq.client.impl.producer.DefaultMQProducerImpl.send(DefaultMQProducerImpl.java:1008)
	at org.apache.rocketmq.client.producer.DefaultMQProducer.send(DefaultMQProducer.java:204)
	at org.apache.rocketmq.console.testbase.RocketMQConsoleTestBase.sendTestTopicMessage(RocketMQConsoleTestBase.java:107)
	at org.apache.rocketmq.console.service.impl.MessageServiceImplTest.setUp(MessageServiceImplTest.java:56)
	at sun.reflect.NativeMethodAccessorImpl.invoke0(Native Method)
	at sun.reflect.NativeMethodAccessorImpl.invoke(NativeMethodAccessorImpl.java:57)
	at sun.reflect.DelegatingMethodAccessorImpl.invoke(DelegatingMethodAccessorImpl.java:43)
	at java.lang.reflect.Method.invoke(Method.java:606)
	at org.junit.runners.model.FrameworkMethod$1.runReflectiveCall(FrameworkMethod.java:50)
	at org.junit.internal.runners.model.ReflectiveCallable.run(ReflectiveCallable.java:12)
	at org.junit.runners.model.FrameworkMethod.invokeExplosively(FrameworkMethod.java:47)
	at org.junit.internal.runners.statements.RunBefores.evaluate(RunBefores.java:24)
	at org.springframework.test.context.junit4.statements.RunBeforeTestMethodCallbacks.evaluate(RunBeforeTestMethodCallbacks.java:75)
	at org.junit.internal.runners.statements.RunAfters.evaluate(RunAfters.java:27)
	at org.springframework.test.context.junit4.statements.RunAfterTestMethodCallbacks.evaluate(RunAfterTestMethodCallbacks.java:86)
	at org.springframework.test.context.junit4.statements.SpringRepeat.evaluate(SpringRepeat.java:84)
	at org.junit.runners.ParentRunner.runLeaf(ParentRunner.java:325)
	at org.springframework.test.context.junit4.SpringJUnit4ClassRunner.runChild(SpringJUnit4ClassRunner.java:252)
	at org.springframework.test.context.junit4.SpringJUnit4ClassRunner.runChild(SpringJUnit4ClassRunner.java:94)
	at org.junit.runners.ParentRunner$3.run(ParentRunner.java:290)
	at org.junit.runners.ParentRunner$1.schedule(ParentRunner.java:71)
	at org.junit.runners.ParentRunner.runChildren(ParentRunner.java:288)
	at org.junit.runners.ParentRunner.access$000(ParentRunner.java:58)
	at org.junit.runners.ParentRunner$2.evaluate(ParentRunner.java:268)
	at org.springframework.test.context.junit4.statements.RunBeforeTestClassCallbacks.evaluate(RunBeforeTestClassCallbacks.java:61)
	at org.springframework.test.context.junit4.statements.RunAfterTestClassCallbacks.evaluate(RunAfterTestClassCallbacks.java:70)
	at org.junit.runners.ParentRunner.run(ParentRunner.java:363)
	at org.springframework.test.context.junit4.SpringJUnit4ClassRunner.run(SpringJUnit4ClassRunner.java:191)
	at org.apache.maven.surefire.junit4.JUnit4Provider.execute(JUnit4Provider.java:367)
	at org.apache.maven.surefire.junit4.JUnit4Provider.executeWithRerun(JUnit4Provider.java:274)
	at org.apache.maven.surefire.junit4.JUnit4Provider.executeTestSet(JUnit4Provider.java:238)
	at org.apache.maven.surefire.junit4.JUnit4Provider.invoke(JUnit4Provider.java:161)
	at org.apache.maven.surefire.booter.ForkedBooter.invokeProviderInSameClassLoader(ForkedBooter.java:290)
	at org.apache.maven.surefire.booter.ForkedBooter.runSuitesInProcess(ForkedBooter.java:242)
	at org.apache.maven.surefire.booter.ForkedBooter.main(ForkedBooter.java:121)
[2018-03-14 12:05:34.679]  WARN Message [topic=TEST_CONSOLE_TOPIC, flag=0, properties={KEYS=TEST_TOPIC_KEY, WAIT=true, UNIQ_KEY=C0A859EB30A4011E1E6742F7BB86000B}, body=11]
[2018-03-14 12:05:34.718] ERROR map file C:\Users\Administrator\rocketmq-console-test\20180314120526\commitlog\00000000000000000000 Failed. 
java.io.IOException: Map failed
	at sun.nio.ch.FileChannelImpl.map(FileChannelImpl.java:888)
	at org.apache.rocketmq.store.MappedFile.init(MappedFile.java:160)
	at org.apache.rocketmq.store.MappedFile.<init>(MappedFile.java:71)
	at org.apache.rocketmq.store.AllocateMappedFileService.mmapOperation(AllocateMappedFileService.java:182)
	at org.apache.rocketmq.store.AllocateMappedFileService.run(AllocateMappedFileService.java:143)
	at java.lang.Thread.run(Thread.java:745)
Caused by: java.lang.OutOfMemoryError: Map failed
	at sun.nio.ch.FileChannelImpl.map0(Native Method)
	at sun.nio.ch.FileChannelImpl.map(FileChannelImpl.java:885)
	... 5 common frames omitted
[2018-03-14 12:05:34.718]  WARN AllocateMappedFileService service has exception. 
java.io.IOException: Map failed
	at sun.nio.ch.FileChannelImpl.map(FileChannelImpl.java:888)
	at org.apache.rocketmq.store.MappedFile.init(MappedFile.java:160)
	at org.apache.rocketmq.store.MappedFile.<init>(MappedFile.java:71)
	at org.apache.rocketmq.store.AllocateMappedFileService.mmapOperation(AllocateMappedFileService.java:182)
	at org.apache.rocketmq.store.AllocateMappedFileService.run(AllocateMappedFileService.java:143)
	at java.lang.Thread.run(Thread.java:745)
Caused by: java.lang.OutOfMemoryError: Map failed
	at sun.nio.ch.FileChannelImpl.map0(Native Method)
	at sun.nio.ch.FileChannelImpl.map(FileChannelImpl.java:885)
	... 5 common frames omitted
[2018-03-14 12:05:34.930] ERROR map file C:\Users\Administrator\rocketmq-console-test\20180314120526\commitlog\00000000000000000000 Failed. 
java.io.IOException: Map failed
	at sun.nio.ch.FileChannelImpl.map(FileChannelImpl.java:888)
	at org.apache.rocketmq.store.MappedFile.init(MappedFile.java:160)
	at org.apache.rocketmq.store.MappedFile.<init>(MappedFile.java:71)
	at org.apache.rocketmq.store.AllocateMappedFileService.mmapOperation(AllocateMappedFileService.java:182)
	at org.apache.rocketmq.store.AllocateMappedFileService.run(AllocateMappedFileService.java:143)
	at java.lang.Thread.run(Thread.java:745)
Caused by: java.lang.OutOfMemoryError: Map failed
	at sun.nio.ch.FileChannelImpl.map0(Native Method)
	at sun.nio.ch.FileChannelImpl.map(FileChannelImpl.java:885)
	... 5 common frames omitted
[2018-03-14 12:05:34.930]  WARN AllocateMappedFileService service has exception. 
java.io.IOException: Map failed
	at sun.nio.ch.FileChannelImpl.map(FileChannelImpl.java:888)
	at org.apache.rocketmq.store.MappedFile.init(MappedFile.java:160)
	at org.apache.rocketmq.store.MappedFile.<init>(MappedFile.java:71)
	at org.apache.rocketmq.store.AllocateMappedFileService.mmapOperation(AllocateMappedFileService.java:182)
	at org.apache.rocketmq.store.AllocateMappedFileService.run(AllocateMappedFileService.java:143)
	at java.lang.Thread.run(Thread.java:745)
Caused by: java.lang.OutOfMemoryError: Map failed
	at sun.nio.ch.FileChannelImpl.map0(Native Method)
	at sun.nio.ch.FileChannelImpl.map(FileChannelImpl.java:885)
	... 5 common frames omitted
[2018-03-14 12:05:35.141] ERROR map file C:\Users\Administrator\rocketmq-console-test\20180314120526\commitlog\00000000000000000000 Failed. 
java.io.IOException: Map failed
	at sun.nio.ch.FileChannelImpl.map(FileChannelImpl.java:888)
	at org.apache.rocketmq.store.MappedFile.init(MappedFile.java:160)
	at org.apache.rocketmq.store.MappedFile.<init>(MappedFile.java:71)
	at org.apache.rocketmq.store.AllocateMappedFileService.mmapOperation(AllocateMappedFileService.java:182)
	at org.apache.rocketmq.store.AllocateMappedFileService.run(AllocateMappedFileService.java:143)
	at java.lang.Thread.run(Thread.java:745)
Caused by: java.lang.OutOfMemoryError: Map failed
	at sun.nio.ch.FileChannelImpl.map0(Native Method)
	at sun.nio.ch.FileChannelImpl.map(FileChannelImpl.java:885)
	... 5 common frames omitted
[2018-03-14 12:05:35.141]  WARN AllocateMappedFileService service has exception. 
java.io.IOException: Map failed
	at sun.nio.ch.FileChannelImpl.map(FileChannelImpl.java:888)
	at org.apache.rocketmq.store.MappedFile.init(MappedFile.java:160)
	at org.apache.rocketmq.store.MappedFile.<init>(MappedFile.java:71)
	at org.apache.rocketmq.store.AllocateMappedFileService.mmapOperation(AllocateMappedFileService.java:182)
	at org.apache.rocketmq.store.AllocateMappedFileService.run(AllocateMappedFileService.java:143)
	at java.lang.Thread.run(Thread.java:745)
Caused by: java.lang.OutOfMemoryError: Map failed
	at sun.nio.ch.FileChannelImpl.map0(Native Method)
	at sun.nio.ch.FileChannelImpl.map(FileChannelImpl.java:885)
	... 5 common frames omitted
[2018-03-14 12:05:35.251]  WARN sendKernelImpl exception, resend at once, InvokeID: -1831891524523945737, RT: 1ms, Broker: MessageQueue [topic=TEST_CONSOLE_TOPIC, brokerName=ConsoleTestBroker, queueId=1]
org.apache.rocketmq.client.exception.MQBrokerException: CODE: 2  DESC: [REJECTREQUEST]system busy, start flow control for a while
For more information, please visit the url, http://rocketmq.apache.org/docs/faq/
	at org.apache.rocketmq.client.impl.MQClientAPIImpl.processSendResponse(MQClientAPIImpl.java:531)
	at org.apache.rocketmq.client.impl.MQClientAPIImpl.sendMessageSync(MQClientAPIImpl.java:345)
	at org.apache.rocketmq.client.impl.MQClientAPIImpl.sendMessage(MQClientAPIImpl.java:327)
	at org.apache.rocketmq.client.impl.MQClientAPIImpl.sendMessage(MQClientAPIImpl.java:290)
	at org.apache.rocketmq.client.impl.producer.DefaultMQProducerImpl.sendKernelImpl(DefaultMQProducerImpl.java:688)
	at org.apache.rocketmq.client.impl.producer.DefaultMQProducerImpl.sendDefaultImpl(DefaultMQProducerImpl.java:458)
	at org.apache.rocketmq.client.impl.producer.DefaultMQProducerImpl.send(DefaultMQProducerImpl.java:1049)
	at org.apache.rocketmq.client.impl.producer.DefaultMQProducerImpl.send(DefaultMQProducerImpl.java:1008)
	at org.apache.rocketmq.client.producer.DefaultMQProducer.send(DefaultMQProducer.java:204)
	at org.apache.rocketmq.console.testbase.RocketMQConsoleTestBase.sendTestTopicMessage(RocketMQConsoleTestBase.java:107)
	at org.apache.rocketmq.console.service.impl.MessageServiceImplTest.setUp(MessageServiceImplTest.java:56)
	at sun.reflect.NativeMethodAccessorImpl.invoke0(Native Method)
	at sun.reflect.NativeMethodAccessorImpl.invoke(NativeMethodAccessorImpl.java:57)
	at sun.reflect.DelegatingMethodAccessorImpl.invoke(DelegatingMethodAccessorImpl.java:43)
	at java.lang.reflect.Method.invoke(Method.java:606)
	at org.junit.runners.model.FrameworkMethod$1.runReflectiveCall(FrameworkMethod.java:50)
	at org.junit.internal.runners.model.ReflectiveCallable.run(ReflectiveCallable.java:12)
	at org.junit.runners.model.FrameworkMethod.invokeExplosively(FrameworkMethod.java:47)
	at org.junit.internal.runners.statements.RunBefores.evaluate(RunBefores.java:24)
	at org.springframework.test.context.junit4.statements.RunBeforeTestMethodCallbacks.evaluate(RunBeforeTestMethodCallbacks.java:75)
	at org.junit.internal.runners.statements.RunAfters.evaluate(RunAfters.java:27)
	at org.springframework.test.context.junit4.statements.RunAfterTestMethodCallbacks.evaluate(RunAfterTestMethodCallbacks.java:86)
	at org.springframework.test.context.junit4.statements.SpringRepeat.evaluate(SpringRepeat.java:84)
	at org.junit.runners.ParentRunner.runLeaf(ParentRunner.java:325)
	at org.springframework.test.context.junit4.SpringJUnit4ClassRunner.runChild(SpringJUnit4ClassRunner.java:252)
	at org.springframework.test.context.junit4.SpringJUnit4ClassRunner.runChild(SpringJUnit4ClassRunner.java:94)
	at org.junit.runners.ParentRunner$3.run(ParentRunner.java:290)
	at org.junit.runners.ParentRunner$1.schedule(ParentRunner.java:71)
	at org.junit.runners.ParentRunner.runChildren(ParentRunner.java:288)
	at org.junit.runners.ParentRunner.access$000(ParentRunner.java:58)
	at org.junit.runners.ParentRunner$2.evaluate(ParentRunner.java:268)
	at org.springframework.test.context.junit4.statements.RunBeforeTestClassCallbacks.evaluate(RunBeforeTestClassCallbacks.java:61)
	at org.springframework.test.context.junit4.statements.RunAfterTestClassCallbacks.evaluate(RunAfterTestClassCallbacks.java:70)
	at org.junit.runners.ParentRunner.run(ParentRunner.java:363)
	at org.springframework.test.context.junit4.SpringJUnit4ClassRunner.run(SpringJUnit4ClassRunner.java:191)
	at org.apache.maven.surefire.junit4.JUnit4Provider.execute(JUnit4Provider.java:367)
	at org.apache.maven.surefire.junit4.JUnit4Provider.executeWithRerun(JUnit4Provider.java:274)
	at org.apache.maven.surefire.junit4.JUnit4Provider.executeTestSet(JUnit4Provider.java:238)
	at org.apache.maven.surefire.junit4.JUnit4Provider.invoke(JUnit4Provider.java:161)
	at org.apache.maven.surefire.booter.ForkedBooter.invokeProviderInSameClassLoader(ForkedBooter.java:290)
	at org.apache.maven.surefire.booter.ForkedBooter.runSuitesInProcess(ForkedBooter.java:242)
	at org.apache.maven.surefire.booter.ForkedBooter.main(ForkedBooter.java:121)
[2018-03-14 12:05:35.251]  WARN Message [topic=TEST_CONSOLE_TOPIC, flag=0, properties={KEYS=TEST_TOPIC_KEY, WAIT=true, UNIQ_KEY=C0A859EB30A4011E1E6742F7BB86000B}, body=11]
[2018-03-14 12:05:35.354] ERROR map file C:\Users\Administrator\rocketmq-console-test\20180314120526\commitlog\00000000000000000000 Failed. 
java.io.IOException: Map failed
	at sun.nio.ch.FileChannelImpl.map(FileChannelImpl.java:888)
	at org.apache.rocketmq.store.MappedFile.init(MappedFile.java:160)
	at org.apache.rocketmq.store.MappedFile.<init>(MappedFile.java:71)
	at org.apache.rocketmq.store.AllocateMappedFileService.mmapOperation(AllocateMappedFileService.java:182)
	at org.apache.rocketmq.store.AllocateMappedFileService.run(AllocateMappedFileService.java:143)
	at java.lang.Thread.run(Thread.java:745)
Caused by: java.lang.OutOfMemoryError: Map failed
	at sun.nio.ch.FileChannelImpl.map0(Native Method)
	at sun.nio.ch.FileChannelImpl.map(FileChannelImpl.java:885)
	... 5 common frames omitted
[2018-03-14 12:05:35.354]  WARN AllocateMappedFileService service has exception. 
java.io.IOException: Map failed
	at sun.nio.ch.FileChannelImpl.map(FileChannelImpl.java:888)
	at org.apache.rocketmq.store.MappedFile.init(MappedFile.java:160)
	at org.apache.rocketmq.store.MappedFile.<init>(MappedFile.java:71)
	at org.apache.rocketmq.store.AllocateMappedFileService.mmapOperation(AllocateMappedFileService.java:182)
	at org.apache.rocketmq.store.AllocateMappedFileService.run(AllocateMappedFileService.java:143)
	at java.lang.Thread.run(Thread.java:745)
Caused by: java.lang.OutOfMemoryError: Map failed
	at sun.nio.ch.FileChannelImpl.map0(Native Method)
	at sun.nio.ch.FileChannelImpl.map(FileChannelImpl.java:885)
	... 5 common frames omitted
[2018-03-14 12:05:35.577] ERROR map file C:\Users\Administrator\rocketmq-console-test\20180314120526\commitlog\00000000000000000000 Failed. 
java.io.IOException: Map failed
	at sun.nio.ch.FileChannelImpl.map(FileChannelImpl.java:888)
	at org.apache.rocketmq.store.MappedFile.init(MappedFile.java:160)
	at org.apache.rocketmq.store.MappedFile.<init>(MappedFile.java:71)
	at org.apache.rocketmq.store.AllocateMappedFileService.mmapOperation(AllocateMappedFileService.java:182)
	at org.apache.rocketmq.store.AllocateMappedFileService.run(AllocateMappedFileService.java:143)
	at java.lang.Thread.run(Thread.java:745)
Caused by: java.lang.OutOfMemoryError: Map failed
	at sun.nio.ch.FileChannelImpl.map0(Native Method)
	at sun.nio.ch.FileChannelImpl.map(FileChannelImpl.java:885)
	... 5 common frames omitted
[2018-03-14 12:05:35.577]  WARN AllocateMappedFileService service has exception. 
java.io.IOException: Map failed
	at sun.nio.ch.FileChannelImpl.map(FileChannelImpl.java:888)
	at org.apache.rocketmq.store.MappedFile.init(MappedFile.java:160)
	at org.apache.rocketmq.store.MappedFile.<init>(MappedFile.java:71)
	at org.apache.rocketmq.store.AllocateMappedFileService.mmapOperation(AllocateMappedFileService.java:182)
	at org.apache.rocketmq.store.AllocateMappedFileService.run(AllocateMappedFileService.java:143)
	at java.lang.Thread.run(Thread.java:745)
Caused by: java.lang.OutOfMemoryError: Map failed
	at sun.nio.ch.FileChannelImpl.map0(Native Method)
	at sun.nio.ch.FileChannelImpl.map(FileChannelImpl.java:885)
	... 5 common frames omitted
[2018-03-14 12:05:35.753]  WARN sendKernelImpl exception, resend at once, InvokeID: -304936155778370733, RT: 2ms, Broker: MessageQueue [topic=TEST_CONSOLE_TOPIC, brokerName=ConsoleTestBroker, queueId=2]
org.apache.rocketmq.client.exception.MQBrokerException: CODE: 2  DESC: [REJECTREQUEST]system busy, start flow control for a while
For more information, please visit the url, http://rocketmq.apache.org/docs/faq/
	at org.apache.rocketmq.client.impl.MQClientAPIImpl.processSendResponse(MQClientAPIImpl.java:531)
	at org.apache.rocketmq.client.impl.MQClientAPIImpl.sendMessageSync(MQClientAPIImpl.java:345)
	at org.apache.rocketmq.client.impl.MQClientAPIImpl.sendMessage(MQClientAPIImpl.java:327)
	at org.apache.rocketmq.client.impl.MQClientAPIImpl.sendMessage(MQClientAPIImpl.java:290)
	at org.apache.rocketmq.client.impl.producer.DefaultMQProducerImpl.sendKernelImpl(DefaultMQProducerImpl.java:688)
	at org.apache.rocketmq.client.impl.producer.DefaultMQProducerImpl.sendDefaultImpl(DefaultMQProducerImpl.java:458)
	at org.apache.rocketmq.client.impl.producer.DefaultMQProducerImpl.send(DefaultMQProducerImpl.java:1049)
	at org.apache.rocketmq.client.impl.producer.DefaultMQProducerImpl.send(DefaultMQProducerImpl.java:1008)
	at org.apache.rocketmq.client.producer.DefaultMQProducer.send(DefaultMQProducer.java:204)
	at org.apache.rocketmq.console.testbase.RocketMQConsoleTestBase.sendTestTopicMessage(RocketMQConsoleTestBase.java:107)
	at org.apache.rocketmq.console.service.impl.MessageServiceImplTest.setUp(MessageServiceImplTest.java:56)
	at sun.reflect.NativeMethodAccessorImpl.invoke0(Native Method)
	at sun.reflect.NativeMethodAccessorImpl.invoke(NativeMethodAccessorImpl.java:57)
	at sun.reflect.DelegatingMethodAccessorImpl.invoke(DelegatingMethodAccessorImpl.java:43)
	at java.lang.reflect.Method.invoke(Method.java:606)
	at org.junit.runners.model.FrameworkMethod$1.runReflectiveCall(FrameworkMethod.java:50)
	at org.junit.internal.runners.model.ReflectiveCallable.run(ReflectiveCallable.java:12)
	at org.junit.runners.model.FrameworkMethod.invokeExplosively(FrameworkMethod.java:47)
	at org.junit.internal.runners.statements.RunBefores.evaluate(RunBefores.java:24)
	at org.springframework.test.context.junit4.statements.RunBeforeTestMethodCallbacks.evaluate(RunBeforeTestMethodCallbacks.java:75)
	at org.junit.internal.runners.statements.RunAfters.evaluate(RunAfters.java:27)
	at org.springframework.test.context.junit4.statements.RunAfterTestMethodCallbacks.evaluate(RunAfterTestMethodCallbacks.java:86)
	at org.springframework.test.context.junit4.statements.SpringRepeat.evaluate(SpringRepeat.java:84)
	at org.junit.runners.ParentRunner.runLeaf(ParentRunner.java:325)
	at org.springframework.test.context.junit4.SpringJUnit4ClassRunner.runChild(SpringJUnit4ClassRunner.java:252)
	at org.springframework.test.context.junit4.SpringJUnit4ClassRunner.runChild(SpringJUnit4ClassRunner.java:94)
	at org.junit.runners.ParentRunner$3.run(ParentRunner.java:290)
	at org.junit.runners.ParentRunner$1.schedule(ParentRunner.java:71)
	at org.junit.runners.ParentRunner.runChildren(ParentRunner.java:288)
	at org.junit.runners.ParentRunner.access$000(ParentRunner.java:58)
	at org.junit.runners.ParentRunner$2.evaluate(ParentRunner.java:268)
	at org.springframework.test.context.junit4.statements.RunBeforeTestClassCallbacks.evaluate(RunBeforeTestClassCallbacks.java:61)
	at org.springframework.test.context.junit4.statements.RunAfterTestClassCallbacks.evaluate(RunAfterTestClassCallbacks.java:70)
	at org.junit.runners.ParentRunner.run(ParentRunner.java:363)
	at org.springframework.test.context.junit4.SpringJUnit4ClassRunner.run(SpringJUnit4ClassRunner.java:191)
	at org.apache.maven.surefire.junit4.JUnit4Provider.execute(JUnit4Provider.java:367)
	at org.apache.maven.surefire.junit4.JUnit4Provider.executeWithRerun(JUnit4Provider.java:274)
	at org.apache.maven.surefire.junit4.JUnit4Provider.executeTestSet(JUnit4Provider.java:238)
	at org.apache.maven.surefire.junit4.JUnit4Provider.invoke(JUnit4Provider.java:161)
	at org.apache.maven.surefire.booter.ForkedBooter.invokeProviderInSameClassLoader(ForkedBooter.java:290)
	at org.apache.maven.surefire.booter.ForkedBooter.runSuitesInProcess(ForkedBooter.java:242)
	at org.apache.maven.surefire.booter.ForkedBooter.main(ForkedBooter.java:121)
[2018-03-14 12:05:35.753]  WARN Message [topic=TEST_CONSOLE_TOPIC, flag=0, properties={KEYS=TEST_TOPIC_KEY, WAIT=true, UNIQ_KEY=C0A859EB30A4011E1E6742F7BB86000B}, body=11]
[2018-03-14 12:05:35.804] ERROR map file C:\Users\Administrator\rocketmq-console-test\20180314120526\commitlog\00000000000000000000 Failed. 
java.io.IOException: Map failed
	at sun.nio.ch.FileChannelImpl.map(FileChannelImpl.java:888)
	at org.apache.rocketmq.store.MappedFile.init(MappedFile.java:160)
	at org.apache.rocketmq.store.MappedFile.<init>(MappedFile.java:71)
	at org.apache.rocketmq.store.AllocateMappedFileService.mmapOperation(AllocateMappedFileService.java:182)
	at org.apache.rocketmq.store.AllocateMappedFileService.run(AllocateMappedFileService.java:143)
	at java.lang.Thread.run(Thread.java:745)
Caused by: java.lang.OutOfMemoryError: Map failed
	at sun.nio.ch.FileChannelImpl.map0(Native Method)
	at sun.nio.ch.FileChannelImpl.map(FileChannelImpl.java:885)
	... 5 common frames omitted
[2018-03-14 12:05:35.804]  WARN AllocateMappedFileService service has exception. 
java.io.IOException: Map failed
	at sun.nio.ch.FileChannelImpl.map(FileChannelImpl.java:888)
	at org.apache.rocketmq.store.MappedFile.init(MappedFile.java:160)
	at org.apache.rocketmq.store.MappedFile.<init>(MappedFile.java:71)
	at org.apache.rocketmq.store.AllocateMappedFileService.mmapOperation(AllocateMappedFileService.java:182)
	at org.apache.rocketmq.store.AllocateMappedFileService.run(AllocateMappedFileService.java:143)
	at java.lang.Thread.run(Thread.java:745)
Caused by: java.lang.OutOfMemoryError: Map failed
	at sun.nio.ch.FileChannelImpl.map0(Native Method)
	at sun.nio.ch.FileChannelImpl.map(FileChannelImpl.java:885)
	... 5 common frames omitted
[2018-03-14 12:05:36.011] ERROR map file C:\Users\Administrator\rocketmq-console-test\20180314120526\commitlog\00000000000000000000 Failed. 
java.io.IOException: Map failed
	at sun.nio.ch.FileChannelImpl.map(FileChannelImpl.java:888)
	at org.apache.rocketmq.store.MappedFile.init(MappedFile.java:160)
	at org.apache.rocketmq.store.MappedFile.<init>(MappedFile.java:71)
	at org.apache.rocketmq.store.AllocateMappedFileService.mmapOperation(AllocateMappedFileService.java:182)
	at org.apache.rocketmq.store.AllocateMappedFileService.run(AllocateMappedFileService.java:143)
	at java.lang.Thread.run(Thread.java:745)
Caused by: java.lang.OutOfMemoryError: Map failed
	at sun.nio.ch.FileChannelImpl.map0(Native Method)
	at sun.nio.ch.FileChannelImpl.map(FileChannelImpl.java:885)
	... 5 common frames omitted
[2018-03-14 12:05:36.012]  WARN AllocateMappedFileService service has exception. 
java.io.IOException: Map failed
	at sun.nio.ch.FileChannelImpl.map(FileChannelImpl.java:888)
	at org.apache.rocketmq.store.MappedFile.init(MappedFile.java:160)
	at org.apache.rocketmq.store.MappedFile.<init>(MappedFile.java:71)
	at org.apache.rocketmq.store.AllocateMappedFileService.mmapOperation(AllocateMappedFileService.java:182)
	at org.apache.rocketmq.store.AllocateMappedFileService.run(AllocateMappedFileService.java:143)
	at java.lang.Thread.run(Thread.java:745)
Caused by: java.lang.OutOfMemoryError: Map failed
	at sun.nio.ch.FileChannelImpl.map0(Native Method)
	at sun.nio.ch.FileChannelImpl.map(FileChannelImpl.java:885)
	... 5 common frames omitted
[2018-03-14 12:05:36.224] ERROR map file C:\Users\Administrator\rocketmq-console-test\20180314120526\commitlog\00000000000000000000 Failed. 
java.io.IOException: Map failed
	at sun.nio.ch.FileChannelImpl.map(FileChannelImpl.java:888)
	at org.apache.rocketmq.store.MappedFile.init(MappedFile.java:160)
	at org.apache.rocketmq.store.MappedFile.<init>(MappedFile.java:71)
	at org.apache.rocketmq.store.AllocateMappedFileService.mmapOperation(AllocateMappedFileService.java:182)
	at org.apache.rocketmq.store.AllocateMappedFileService.run(AllocateMappedFileService.java:143)
	at java.lang.Thread.run(Thread.java:745)
Caused by: java.lang.OutOfMemoryError: Map failed
	at sun.nio.ch.FileChannelImpl.map0(Native Method)
	at sun.nio.ch.FileChannelImpl.map(FileChannelImpl.java:885)
	... 5 common frames omitted
[2018-03-14 12:05:36.224]  WARN AllocateMappedFileService service has exception. 
java.io.IOException: Map failed
	at sun.nio.ch.FileChannelImpl.map(FileChannelImpl.java:888)
	at org.apache.rocketmq.store.MappedFile.init(MappedFile.java:160)
	at org.apache.rocketmq.store.MappedFile.<init>(MappedFile.java:71)
	at org.apache.rocketmq.store.AllocateMappedFileService.mmapOperation(AllocateMappedFileService.java:182)
	at org.apache.rocketmq.store.AllocateMappedFileService.run(AllocateMappedFileService.java:143)
	at java.lang.Thread.run(Thread.java:745)
Caused by: java.lang.OutOfMemoryError: Map failed
	at sun.nio.ch.FileChannelImpl.map0(Native Method)
	at sun.nio.ch.FileChannelImpl.map(FileChannelImpl.java:885)
	... 5 common frames omitted
]]></system-out>
  </testcase>
  <testcase name="queryMessageByTopicAndKey" classname="org.apache.rocketmq.console.service.impl.MessageServiceImplTest" time="5.606">
    <error message="send message error" type="java.lang.RuntimeException">java.lang.RuntimeException: send message error
	at org.apache.rocketmq.console.service.impl.MessageServiceImplTest.setUp(MessageServiceImplTest.java:56)
</error>
    <system-out><![CDATA[[2018-03-14 12:05:36.441] ERROR map file C:\Users\Administrator\rocketmq-console-test\20180314120526\commitlog\00000000000000000000 Failed. 
java.io.IOException: Map failed
	at sun.nio.ch.FileChannelImpl.map(FileChannelImpl.java:888)
	at org.apache.rocketmq.store.MappedFile.init(MappedFile.java:160)
	at org.apache.rocketmq.store.MappedFile.<init>(MappedFile.java:71)
	at org.apache.rocketmq.store.AllocateMappedFileService.mmapOperation(AllocateMappedFileService.java:182)
	at org.apache.rocketmq.store.AllocateMappedFileService.run(AllocateMappedFileService.java:143)
	at java.lang.Thread.run(Thread.java:745)
Caused by: java.lang.OutOfMemoryError: Map failed
	at sun.nio.ch.FileChannelImpl.map0(Native Method)
	at sun.nio.ch.FileChannelImpl.map(FileChannelImpl.java:885)
	... 5 common frames omitted
[2018-03-14 12:05:36.441]  WARN AllocateMappedFileService service has exception. 
java.io.IOException: Map failed
	at sun.nio.ch.FileChannelImpl.map(FileChannelImpl.java:888)
	at org.apache.rocketmq.store.MappedFile.init(MappedFile.java:160)
	at org.apache.rocketmq.store.MappedFile.<init>(MappedFile.java:71)
	at org.apache.rocketmq.store.AllocateMappedFileService.mmapOperation(AllocateMappedFileService.java:182)
	at org.apache.rocketmq.store.AllocateMappedFileService.run(AllocateMappedFileService.java:143)
	at java.lang.Thread.run(Thread.java:745)
Caused by: java.lang.OutOfMemoryError: Map failed
	at sun.nio.ch.FileChannelImpl.map0(Native Method)
	at sun.nio.ch.FileChannelImpl.map(FileChannelImpl.java:885)
	... 5 common frames omitted
[2018-03-14 12:05:36.651] ERROR map file C:\Users\Administrator\rocketmq-console-test\20180314120526\commitlog\00000000000000000000 Failed. 
java.io.IOException: Map failed
	at sun.nio.ch.FileChannelImpl.map(FileChannelImpl.java:888)
	at org.apache.rocketmq.store.MappedFile.init(MappedFile.java:160)
	at org.apache.rocketmq.store.MappedFile.<init>(MappedFile.java:71)
	at org.apache.rocketmq.store.AllocateMappedFileService.mmapOperation(AllocateMappedFileService.java:182)
	at org.apache.rocketmq.store.AllocateMappedFileService.run(AllocateMappedFileService.java:143)
	at java.lang.Thread.run(Thread.java:745)
Caused by: java.lang.OutOfMemoryError: Map failed
	at sun.nio.ch.FileChannelImpl.map0(Native Method)
	at sun.nio.ch.FileChannelImpl.map(FileChannelImpl.java:885)
	... 5 common frames omitted
[2018-03-14 12:05:36.651]  WARN AllocateMappedFileService service has exception. 
java.io.IOException: Map failed
	at sun.nio.ch.FileChannelImpl.map(FileChannelImpl.java:888)
	at org.apache.rocketmq.store.MappedFile.init(MappedFile.java:160)
	at org.apache.rocketmq.store.MappedFile.<init>(MappedFile.java:71)
	at org.apache.rocketmq.store.AllocateMappedFileService.mmapOperation(AllocateMappedFileService.java:182)
	at org.apache.rocketmq.store.AllocateMappedFileService.run(AllocateMappedFileService.java:143)
	at java.lang.Thread.run(Thread.java:745)
Caused by: java.lang.OutOfMemoryError: Map failed
	at sun.nio.ch.FileChannelImpl.map0(Native Method)
	at sun.nio.ch.FileChannelImpl.map(FileChannelImpl.java:885)
	... 5 common frames omitted
[2018-03-14 12:05:36.758]  WARN create mmap timeout C:\Users\Administrator\rocketmq-console-test\20180314120526\commitlog\00000000000000000000 1073741824
[2018-03-14 12:05:36.758] ERROR create maped file1 error, topic: TEST_CONSOLE_TOPIC clientAddr: 127.0.0.1
[2018-03-14 12:05:36.758]  WARN putMessage not in lock eclipse time(ms)=5080, bodyLength=11
[2018-03-14 12:05:36.860] ERROR map file C:\Users\Administrator\rocketmq-console-test\20180314120526\commitlog\00000000000000000000 Failed. 
java.io.IOException: Map failed
	at sun.nio.ch.FileChannelImpl.map(FileChannelImpl.java:888)
	at org.apache.rocketmq.store.MappedFile.init(MappedFile.java:160)
	at org.apache.rocketmq.store.MappedFile.<init>(MappedFile.java:71)
	at org.apache.rocketmq.store.AllocateMappedFileService.mmapOperation(AllocateMappedFileService.java:182)
	at org.apache.rocketmq.store.AllocateMappedFileService.run(AllocateMappedFileService.java:143)
	at java.lang.Thread.run(Thread.java:745)
Caused by: java.lang.OutOfMemoryError: Map failed
	at sun.nio.ch.FileChannelImpl.map0(Native Method)
	at sun.nio.ch.FileChannelImpl.map(FileChannelImpl.java:885)
	... 5 common frames omitted
[2018-03-14 12:05:36.861]  WARN AllocateMappedFileService service has exception. 
java.io.IOException: Map failed
	at sun.nio.ch.FileChannelImpl.map(FileChannelImpl.java:888)
	at org.apache.rocketmq.store.MappedFile.init(MappedFile.java:160)
	at org.apache.rocketmq.store.MappedFile.<init>(MappedFile.java:71)
	at org.apache.rocketmq.store.AllocateMappedFileService.mmapOperation(AllocateMappedFileService.java:182)
	at org.apache.rocketmq.store.AllocateMappedFileService.run(AllocateMappedFileService.java:143)
	at java.lang.Thread.run(Thread.java:745)
Caused by: java.lang.OutOfMemoryError: Map failed
	at sun.nio.ch.FileChannelImpl.map0(Native Method)
	at sun.nio.ch.FileChannelImpl.map(FileChannelImpl.java:885)
	... 5 common frames omitted
[2018-03-14 12:05:37.083] ERROR map file C:\Users\Administrator\rocketmq-console-test\20180314120526\commitlog\00000000000000000000 Failed. 
java.io.IOException: Map failed
	at sun.nio.ch.FileChannelImpl.map(FileChannelImpl.java:888)
	at org.apache.rocketmq.store.MappedFile.init(MappedFile.java:160)
	at org.apache.rocketmq.store.MappedFile.<init>(MappedFile.java:71)
	at org.apache.rocketmq.store.AllocateMappedFileService.mmapOperation(AllocateMappedFileService.java:182)
	at org.apache.rocketmq.store.AllocateMappedFileService.run(AllocateMappedFileService.java:143)
	at java.lang.Thread.run(Thread.java:745)
Caused by: java.lang.OutOfMemoryError: Map failed
	at sun.nio.ch.FileChannelImpl.map0(Native Method)
	at sun.nio.ch.FileChannelImpl.map(FileChannelImpl.java:885)
	... 5 common frames omitted
[2018-03-14 12:05:37.083]  WARN AllocateMappedFileService service has exception. 
java.io.IOException: Map failed
	at sun.nio.ch.FileChannelImpl.map(FileChannelImpl.java:888)
	at org.apache.rocketmq.store.MappedFile.init(MappedFile.java:160)
	at org.apache.rocketmq.store.MappedFile.<init>(MappedFile.java:71)
	at org.apache.rocketmq.store.AllocateMappedFileService.mmapOperation(AllocateMappedFileService.java:182)
	at org.apache.rocketmq.store.AllocateMappedFileService.run(AllocateMappedFileService.java:143)
	at java.lang.Thread.run(Thread.java:745)
Caused by: java.lang.OutOfMemoryError: Map failed
	at sun.nio.ch.FileChannelImpl.map0(Native Method)
	at sun.nio.ch.FileChannelImpl.map(FileChannelImpl.java:885)
	... 5 common frames omitted
[2018-03-14 12:05:37.295] ERROR map file C:\Users\Administrator\rocketmq-console-test\20180314120526\commitlog\00000000000000000000 Failed. 
java.io.IOException: Map failed
	at sun.nio.ch.FileChannelImpl.map(FileChannelImpl.java:888)
	at org.apache.rocketmq.store.MappedFile.init(MappedFile.java:160)
	at org.apache.rocketmq.store.MappedFile.<init>(MappedFile.java:71)
	at org.apache.rocketmq.store.AllocateMappedFileService.mmapOperation(AllocateMappedFileService.java:182)
	at org.apache.rocketmq.store.AllocateMappedFileService.run(AllocateMappedFileService.java:143)
	at java.lang.Thread.run(Thread.java:745)
Caused by: java.lang.OutOfMemoryError: Map failed
	at sun.nio.ch.FileChannelImpl.map0(Native Method)
	at sun.nio.ch.FileChannelImpl.map(FileChannelImpl.java:885)
	... 5 common frames omitted
[2018-03-14 12:05:37.296]  WARN AllocateMappedFileService service has exception. 
java.io.IOException: Map failed
	at sun.nio.ch.FileChannelImpl.map(FileChannelImpl.java:888)
	at org.apache.rocketmq.store.MappedFile.init(MappedFile.java:160)
	at org.apache.rocketmq.store.MappedFile.<init>(MappedFile.java:71)
	at org.apache.rocketmq.store.AllocateMappedFileService.mmapOperation(AllocateMappedFileService.java:182)
	at org.apache.rocketmq.store.AllocateMappedFileService.run(AllocateMappedFileService.java:143)
	at java.lang.Thread.run(Thread.java:745)
Caused by: java.lang.OutOfMemoryError: Map failed
	at sun.nio.ch.FileChannelImpl.map0(Native Method)
	at sun.nio.ch.FileChannelImpl.map(FileChannelImpl.java:885)
	... 5 common frames omitted
[2018-03-14 12:05:37.507] ERROR map file C:\Users\Administrator\rocketmq-console-test\20180314120526\commitlog\00000000000000000000 Failed. 
java.io.IOException: Map failed
	at sun.nio.ch.FileChannelImpl.map(FileChannelImpl.java:888)
	at org.apache.rocketmq.store.MappedFile.init(MappedFile.java:160)
	at org.apache.rocketmq.store.MappedFile.<init>(MappedFile.java:71)
	at org.apache.rocketmq.store.AllocateMappedFileService.mmapOperation(AllocateMappedFileService.java:182)
	at org.apache.rocketmq.store.AllocateMappedFileService.run(AllocateMappedFileService.java:143)
	at java.lang.Thread.run(Thread.java:745)
Caused by: java.lang.OutOfMemoryError: Map failed
	at sun.nio.ch.FileChannelImpl.map0(Native Method)
	at sun.nio.ch.FileChannelImpl.map(FileChannelImpl.java:885)
	... 5 common frames omitted
[2018-03-14 12:05:37.507]  WARN AllocateMappedFileService service has exception. 
java.io.IOException: Map failed
	at sun.nio.ch.FileChannelImpl.map(FileChannelImpl.java:888)
	at org.apache.rocketmq.store.MappedFile.init(MappedFile.java:160)
	at org.apache.rocketmq.store.MappedFile.<init>(MappedFile.java:71)
	at org.apache.rocketmq.store.AllocateMappedFileService.mmapOperation(AllocateMappedFileService.java:182)
	at org.apache.rocketmq.store.AllocateMappedFileService.run(AllocateMappedFileService.java:143)
	at java.lang.Thread.run(Thread.java:745)
Caused by: java.lang.OutOfMemoryError: Map failed
	at sun.nio.ch.FileChannelImpl.map0(Native Method)
	at sun.nio.ch.FileChannelImpl.map(FileChannelImpl.java:885)
	... 5 common frames omitted
[2018-03-14 12:05:37.723] ERROR map file C:\Users\Administrator\rocketmq-console-test\20180314120526\commitlog\00000000000000000000 Failed. 
java.io.IOException: Map failed
	at sun.nio.ch.FileChannelImpl.map(FileChannelImpl.java:888)
	at org.apache.rocketmq.store.MappedFile.init(MappedFile.java:160)
	at org.apache.rocketmq.store.MappedFile.<init>(MappedFile.java:71)
	at org.apache.rocketmq.store.AllocateMappedFileService.mmapOperation(AllocateMappedFileService.java:182)
	at org.apache.rocketmq.store.AllocateMappedFileService.run(AllocateMappedFileService.java:143)
	at java.lang.Thread.run(Thread.java:745)
Caused by: java.lang.OutOfMemoryError: Map failed
	at sun.nio.ch.FileChannelImpl.map0(Native Method)
	at sun.nio.ch.FileChannelImpl.map(FileChannelImpl.java:885)
	... 5 common frames omitted
[2018-03-14 12:05:37.723]  WARN AllocateMappedFileService service has exception. 
java.io.IOException: Map failed
	at sun.nio.ch.FileChannelImpl.map(FileChannelImpl.java:888)
	at org.apache.rocketmq.store.MappedFile.init(MappedFile.java:160)
	at org.apache.rocketmq.store.MappedFile.<init>(MappedFile.java:71)
	at org.apache.rocketmq.store.AllocateMappedFileService.mmapOperation(AllocateMappedFileService.java:182)
	at org.apache.rocketmq.store.AllocateMappedFileService.run(AllocateMappedFileService.java:143)
	at java.lang.Thread.run(Thread.java:745)
Caused by: java.lang.OutOfMemoryError: Map failed
	at sun.nio.ch.FileChannelImpl.map0(Native Method)
	at sun.nio.ch.FileChannelImpl.map(FileChannelImpl.java:885)
	... 5 common frames omitted
[2018-03-14 12:05:37.942] ERROR map file C:\Users\Administrator\rocketmq-console-test\20180314120526\commitlog\00000000000000000000 Failed. 
java.io.IOException: Map failed
	at sun.nio.ch.FileChannelImpl.map(FileChannelImpl.java:888)
	at org.apache.rocketmq.store.MappedFile.init(MappedFile.java:160)
	at org.apache.rocketmq.store.MappedFile.<init>(MappedFile.java:71)
	at org.apache.rocketmq.store.AllocateMappedFileService.mmapOperation(AllocateMappedFileService.java:182)
	at org.apache.rocketmq.store.AllocateMappedFileService.run(AllocateMappedFileService.java:143)
	at java.lang.Thread.run(Thread.java:745)
Caused by: java.lang.OutOfMemoryError: Map failed
	at sun.nio.ch.FileChannelImpl.map0(Native Method)
	at sun.nio.ch.FileChannelImpl.map(FileChannelImpl.java:885)
	... 5 common frames omitted
[2018-03-14 12:05:37.942]  WARN AllocateMappedFileService service has exception. 
java.io.IOException: Map failed
	at sun.nio.ch.FileChannelImpl.map(FileChannelImpl.java:888)
	at org.apache.rocketmq.store.MappedFile.init(MappedFile.java:160)
	at org.apache.rocketmq.store.MappedFile.<init>(MappedFile.java:71)
	at org.apache.rocketmq.store.AllocateMappedFileService.mmapOperation(AllocateMappedFileService.java:182)
	at org.apache.rocketmq.store.AllocateMappedFileService.run(AllocateMappedFileService.java:143)
	at java.lang.Thread.run(Thread.java:745)
Caused by: java.lang.OutOfMemoryError: Map failed
	at sun.nio.ch.FileChannelImpl.map0(Native Method)
	at sun.nio.ch.FileChannelImpl.map(FileChannelImpl.java:885)
	... 5 common frames omitted
[2018-03-14 12:05:38.163] ERROR map file C:\Users\Administrator\rocketmq-console-test\20180314120526\commitlog\00000000000000000000 Failed. 
java.io.IOException: Map failed
	at sun.nio.ch.FileChannelImpl.map(FileChannelImpl.java:888)
	at org.apache.rocketmq.store.MappedFile.init(MappedFile.java:160)
	at org.apache.rocketmq.store.MappedFile.<init>(MappedFile.java:71)
	at org.apache.rocketmq.store.AllocateMappedFileService.mmapOperation(AllocateMappedFileService.java:182)
	at org.apache.rocketmq.store.AllocateMappedFileService.run(AllocateMappedFileService.java:143)
	at java.lang.Thread.run(Thread.java:745)
Caused by: java.lang.OutOfMemoryError: Map failed
	at sun.nio.ch.FileChannelImpl.map0(Native Method)
	at sun.nio.ch.FileChannelImpl.map(FileChannelImpl.java:885)
	... 5 common frames omitted
[2018-03-14 12:05:38.163]  WARN AllocateMappedFileService service has exception. 
java.io.IOException: Map failed
	at sun.nio.ch.FileChannelImpl.map(FileChannelImpl.java:888)
	at org.apache.rocketmq.store.MappedFile.init(MappedFile.java:160)
	at org.apache.rocketmq.store.MappedFile.<init>(MappedFile.java:71)
	at org.apache.rocketmq.store.AllocateMappedFileService.mmapOperation(AllocateMappedFileService.java:182)
	at org.apache.rocketmq.store.AllocateMappedFileService.run(AllocateMappedFileService.java:143)
	at java.lang.Thread.run(Thread.java:745)
Caused by: java.lang.OutOfMemoryError: Map failed
	at sun.nio.ch.FileChannelImpl.map0(Native Method)
	at sun.nio.ch.FileChannelImpl.map(FileChannelImpl.java:885)
	... 5 common frames omitted
[2018-03-14 12:05:38.371] ERROR map file C:\Users\Administrator\rocketmq-console-test\20180314120526\commitlog\00000000000000000000 Failed. 
java.io.IOException: Map failed
	at sun.nio.ch.FileChannelImpl.map(FileChannelImpl.java:888)
	at org.apache.rocketmq.store.MappedFile.init(MappedFile.java:160)
	at org.apache.rocketmq.store.MappedFile.<init>(MappedFile.java:71)
	at org.apache.rocketmq.store.AllocateMappedFileService.mmapOperation(AllocateMappedFileService.java:182)
	at org.apache.rocketmq.store.AllocateMappedFileService.run(AllocateMappedFileService.java:143)
	at java.lang.Thread.run(Thread.java:745)
Caused by: java.lang.OutOfMemoryError: Map failed
	at sun.nio.ch.FileChannelImpl.map0(Native Method)
	at sun.nio.ch.FileChannelImpl.map(FileChannelImpl.java:885)
	... 5 common frames omitted
[2018-03-14 12:05:38.371]  WARN AllocateMappedFileService service has exception. 
java.io.IOException: Map failed
	at sun.nio.ch.FileChannelImpl.map(FileChannelImpl.java:888)
	at org.apache.rocketmq.store.MappedFile.init(MappedFile.java:160)
	at org.apache.rocketmq.store.MappedFile.<init>(MappedFile.java:71)
	at org.apache.rocketmq.store.AllocateMappedFileService.mmapOperation(AllocateMappedFileService.java:182)
[...]
	at org.apache.rocketmq.store.MappedFile.<init>(MappedFile.java:71)
	at org.apache.rocketmq.store.AllocateMappedFileService.mmapOperation(AllocateMappedFileService.java:182)
	at org.apache.rocketmq.store.AllocateMappedFileService.run(AllocateMappedFileService.java:143)
	at java.lang.Thread.run(Thread.java:745)
Caused by: java.lang.OutOfMemoryError: Map failed
	at sun.nio.ch.FileChannelImpl.map0(Native Method)
	at sun.nio.ch.FileChannelImpl.map(FileChannelImpl.java:885)
	... 5 common frames omitted
[2018-03-14 12:05:57.683]  WARN AllocateMappedFileService service has exception. 
java.io.IOException: Map failed
	at sun.nio.ch.FileChannelImpl.map(FileChannelImpl.java:888)
	at org.apache.rocketmq.store.MappedFile.init(MappedFile.java:160)
	at org.apache.rocketmq.store.MappedFile.<init>(MappedFile.java:71)
	at org.apache.rocketmq.store.AllocateMappedFileService.mmapOperation(AllocateMappedFileService.java:182)
	at org.apache.rocketmq.store.AllocateMappedFileService.run(AllocateMappedFileService.java:143)
	at java.lang.Thread.run(Thread.java:745)
Caused by: java.lang.OutOfMemoryError: Map failed
	at sun.nio.ch.FileChannelImpl.map0(Native Method)
	at sun.nio.ch.FileChannelImpl.map(FileChannelImpl.java:885)
	... 5 common frames omitted
[2018-03-14 12:05:57.906] ERROR map file C:\Users\Administrator\rocketmq-console-test\20180314120526\commitlog\00000000000000000000 Failed. 
java.io.IOException: Map failed
	at sun.nio.ch.FileChannelImpl.map(FileChannelImpl.java:888)
	at org.apache.rocketmq.store.MappedFile.init(MappedFile.java:160)
	at org.apache.rocketmq.store.MappedFile.<init>(MappedFile.java:71)
	at org.apache.rocketmq.store.AllocateMappedFileService.mmapOperation(AllocateMappedFileService.java:182)
	at org.apache.rocketmq.store.AllocateMappedFileService.run(AllocateMappedFileService.java:143)
	at java.lang.Thread.run(Thread.java:745)
Caused by: java.lang.OutOfMemoryError: Map failed
	at sun.nio.ch.FileChannelImpl.map0(Native Method)
	at sun.nio.ch.FileChannelImpl.map(FileChannelImpl.java:885)
	... 5 common frames omitted
[2018-03-14 12:05:57.907]  WARN AllocateMappedFileService service has exception. 
java.io.IOException: Map failed
	at sun.nio.ch.FileChannelImpl.map(FileChannelImpl.java:888)
	at org.apache.rocketmq.store.MappedFile.init(MappedFile.java:160)
	at org.apache.rocketmq.store.MappedFile.<init>(MappedFile.java:71)
	at org.apache.rocketmq.store.AllocateMappedFileService.mmapOperation(AllocateMappedFileService.java:182)
	at org.apache.rocketmq.store.AllocateMappedFileService.run(AllocateMappedFileService.java:143)
	at java.lang.Thread.run(Thread.java:745)
Caused by: java.lang.OutOfMemoryError: Map failed
	at sun.nio.ch.FileChannelImpl.map0(Native Method)
	at sun.nio.ch.FileChannelImpl.map(FileChannelImpl.java:885)
	... 5 common frames omitted
[2018-03-14 12:05:58.021]  WARN AllocateMappedFileService service has exception. so return null
[2018-03-14 12:05:58.021] ERROR create maped file1 error, topic: TEST_CONSOLE_TOPIC clientAddr: 127.0.0.1
[2018-03-14 12:05:58.022]  WARN sendKernelImpl exception, resend at once, InvokeID: -6449945869978842733, RT: 2ms, Broker: MessageQueue [topic=TEST_CONSOLE_TOPIC, brokerName=ConsoleTestBroker, queueId=12]
org.apache.rocketmq.client.exception.MQBrokerException: CODE: 1  DESC: create mapped file failed, server is busy or broken.
For more information, please visit the url, http://rocketmq.apache.org/docs/faq/
	at org.apache.rocketmq.client.impl.MQClientAPIImpl.processSendResponse(MQClientAPIImpl.java:531)
	at org.apache.rocketmq.client.impl.MQClientAPIImpl.sendMessageSync(MQClientAPIImpl.java:345)
	at org.apache.rocketmq.client.impl.MQClientAPIImpl.sendMessage(MQClientAPIImpl.java:327)
	at org.apache.rocketmq.client.impl.MQClientAPIImpl.sendMessage(MQClientAPIImpl.java:290)
	at org.apache.rocketmq.client.impl.producer.DefaultMQProducerImpl.sendKernelImpl(DefaultMQProducerImpl.java:688)
	at org.apache.rocketmq.client.impl.producer.DefaultMQProducerImpl.sendDefaultImpl(DefaultMQProducerImpl.java:458)
	at org.apache.rocketmq.client.impl.producer.DefaultMQProducerImpl.send(DefaultMQProducerImpl.java:1049)
	at org.apache.rocketmq.client.impl.producer.DefaultMQProducerImpl.send(DefaultMQProducerImpl.java:1008)
	at org.apache.rocketmq.client.producer.DefaultMQProducer.send(DefaultMQProducer.java:204)
	at org.apache.rocketmq.console.testbase.RocketMQConsoleTestBase.sendTestTopicMessage(RocketMQConsoleTestBase.java:107)
	at org.apache.rocketmq.console.service.impl.MessageServiceImplTest.setUp(MessageServiceImplTest.java:56)
	at sun.reflect.NativeMethodAccessorImpl.invoke0(Native Method)
	at sun.reflect.NativeMethodAccessorImpl.invoke(NativeMethodAccessorImpl.java:57)
	at sun.reflect.DelegatingMethodAccessorImpl.invoke(DelegatingMethodAccessorImpl.java:43)
	at java.lang.reflect.Method.invoke(Method.java:606)
	at org.junit.runners.model.FrameworkMethod$1.runReflectiveCall(FrameworkMethod.java:50)
	at org.junit.internal.runners.model.ReflectiveCallable.run(ReflectiveCallable.java:12)
	at org.junit.runners.model.FrameworkMethod.invokeExplosively(FrameworkMethod.java:47)
	at org.junit.internal.runners.statements.RunBefores.evaluate(RunBefores.java:24)
	at org.springframework.test.context.junit4.statements.RunBeforeTestMethodCallbacks.evaluate(RunBeforeTestMethodCallbacks.java:75)
	at org.junit.internal.runners.statements.RunAfters.evaluate(RunAfters.java:27)
	at org.springframework.test.context.junit4.statements.RunAfterTestMethodCallbacks.evaluate(RunAfterTestMethodCallbacks.java:86)
	at org.springframework.test.context.junit4.statements.SpringRepeat.evaluate(SpringRepeat.java:84)
	at org.junit.runners.ParentRunner.runLeaf(ParentRunner.java:325)
	at org.springframework.test.context.junit4.SpringJUnit4ClassRunner.runChild(SpringJUnit4ClassRunner.java:252)
	at org.springframework.test.context.junit4.SpringJUnit4ClassRunner.runChild(SpringJUnit4ClassRunner.java:94)
	at org.junit.runners.ParentRunner$3.run(ParentRunner.java:290)
	at org.junit.runners.ParentRunner$1.schedule(ParentRunner.java:71)
	at org.junit.runners.ParentRunner.runChildren(ParentRunner.java:288)
	at org.junit.runners.ParentRunner.access$000(ParentRunner.java:58)
	at org.junit.runners.ParentRunner$2.evaluate(ParentRunner.java:268)
	at org.springframework.test.context.junit4.statements.RunBeforeTestClassCallbacks.evaluate(RunBeforeTestClassCallbacks.java:61)
	at org.springframework.test.context.junit4.statements.RunAfterTestClassCallbacks.evaluate(RunAfterTestClassCallbacks.java:70)
	at org.junit.runners.ParentRunner.run(ParentRunner.java:363)
	at org.springframework.test.context.junit4.SpringJUnit4ClassRunner.run(SpringJUnit4ClassRunner.java:191)
	at org.apache.maven.surefire.junit4.JUnit4Provider.execute(JUnit4Provider.java:367)
	at org.apache.maven.surefire.junit4.JUnit4Provider.executeWithRerun(JUnit4Provider.java:274)
	at org.apache.maven.surefire.junit4.JUnit4Provider.executeTestSet(JUnit4Provider.java:238)
	at org.apache.maven.surefire.junit4.JUnit4Provider.invoke(JUnit4Provider.java:161)
	at org.apache.maven.surefire.booter.ForkedBooter.invokeProviderInSameClassLoader(ForkedBooter.java:290)
	at org.apache.maven.surefire.booter.ForkedBooter.runSuitesInProcess(ForkedBooter.java:242)
	at org.apache.maven.surefire.booter.ForkedBooter.main(ForkedBooter.java:121)
[2018-03-14 12:05:58.022]  WARN Message [topic=TEST_CONSOLE_TOPIC, flag=0, properties={KEYS=TEST_TOPIC_KEY, WAIT=true, UNIQ_KEY=C0A859EB30A4011E1E6742F81E43000F}, body=11]
[2018-03-14 12:05:58.024]  WARN AllocateMappedFileService service has exception. so return null
[2018-03-14 12:05:58.024] ERROR create maped file1 error, topic: TEST_CONSOLE_TOPIC clientAddr: 127.0.0.1
[2018-03-14 12:05:58.025]  WARN sendKernelImpl exception, resend at once, InvokeID: -6449945869978842733, RT: 1ms, Broker: MessageQueue [topic=TEST_CONSOLE_TOPIC, brokerName=ConsoleTestBroker, queueId=14]
org.apache.rocketmq.client.exception.MQBrokerException: CODE: 1  DESC: create mapped file failed, server is busy or broken.
For more information, please visit the url, http://rocketmq.apache.org/docs/faq/
	at org.apache.rocketmq.client.impl.MQClientAPIImpl.processSendResponse(MQClientAPIImpl.java:531)
	at org.apache.rocketmq.client.impl.MQClientAPIImpl.sendMessageSync(MQClientAPIImpl.java:345)
	at org.apache.rocketmq.client.impl.MQClientAPIImpl.sendMessage(MQClientAPIImpl.java:327)
	at org.apache.rocketmq.client.impl.MQClientAPIImpl.sendMessage(MQClientAPIImpl.java:290)
	at org.apache.rocketmq.client.impl.producer.DefaultMQProducerImpl.sendKernelImpl(DefaultMQProducerImpl.java:688)
	at org.apache.rocketmq.client.impl.producer.DefaultMQProducerImpl.sendDefaultImpl(DefaultMQProducerImpl.java:458)
	at org.apache.rocketmq.client.impl.producer.DefaultMQProducerImpl.send(DefaultMQProducerImpl.java:1049)
	at org.apache.rocketmq.client.impl.producer.DefaultMQProducerImpl.send(DefaultMQProducerImpl.java:1008)
	at org.apache.rocketmq.client.producer.DefaultMQProducer.send(DefaultMQProducer.java:204)
	at org.apache.rocketmq.console.testbase.RocketMQConsoleTestBase.sendTestTopicMessage(RocketMQConsoleTestBase.java:107)
	at org.apache.rocketmq.console.service.impl.MessageServiceImplTest.setUp(MessageServiceImplTest.java:56)
	at sun.reflect.NativeMethodAccessorImpl.invoke0(Native Method)
	at sun.reflect.NativeMethodAccessorImpl.invoke(NativeMethodAccessorImpl.java:57)
	at sun.reflect.DelegatingMethodAccessorImpl.invoke(DelegatingMethodAccessorImpl.java:43)
	at java.lang.reflect.Method.invoke(Method.java:606)
	at org.junit.runners.model.FrameworkMethod$1.runReflectiveCall(FrameworkMethod.java:50)
	at org.junit.internal.runners.model.ReflectiveCallable.run(ReflectiveCallable.java:12)
	at org.junit.runners.model.FrameworkMethod.invokeExplosively(FrameworkMethod.java:47)
	at org.junit.internal.runners.statements.RunBefores.evaluate(RunBefores.java:24)
	at org.springframework.test.context.junit4.statements.RunBeforeTestMethodCallbacks.evaluate(RunBeforeTestMethodCallbacks.java:75)
	at org.junit.internal.runners.statements.RunAfters.evaluate(RunAfters.java:27)
	at org.springframework.test.context.junit4.statements.RunAfterTestMethodCallbacks.evaluate(RunAfterTestMethodCallbacks.java:86)
	at org.springframework.test.context.junit4.statements.SpringRepeat.evaluate(SpringRepeat.java:84)
	at org.junit.runners.ParentRunner.runLeaf(ParentRunner.java:325)
	at org.springframework.test.context.junit4.SpringJUnit4ClassRunner.runChild(SpringJUnit4ClassRunner.java:252)
	at org.springframework.test.context.junit4.SpringJUnit4ClassRunner.runChild(SpringJUnit4ClassRunner.java:94)
	at org.junit.runners.ParentRunner$3.run(ParentRunner.java:290)
	at org.junit.runners.ParentRunner$1.schedule(ParentRunner.java:71)
	at org.junit.runners.ParentRunner.runChildren(ParentRunner.java:288)
	at org.junit.runners.ParentRunner.access$000(ParentRunner.java:58)
	at org.junit.runners.ParentRunner$2.evaluate(ParentRunner.java:268)
	at org.springframework.test.context.junit4.statements.RunBeforeTestClassCallbacks.evaluate(RunBeforeTestClassCallbacks.java:61)
	at org.springframework.test.context.junit4.statements.RunAfterTestClassCallbacks.evaluate(RunAfterTestClassCallbacks.java:70)
	at org.junit.runners.ParentRunner.run(ParentRunner.java:363)
	at org.springframework.test.context.junit4.SpringJUnit4ClassRunner.run(SpringJUnit4ClassRunner.java:191)
	at org.apache.maven.surefire.junit4.JUnit4Provider.execute(JUnit4Provider.java:367)
	at org.apache.maven.surefire.junit4.JUnit4Provider.executeWithRerun(JUnit4Provider.java:274)
	at org.apache.maven.surefire.junit4.JUnit4Provider.executeTestSet(JUnit4Provider.java:238)
	at org.apache.maven.surefire.junit4.JUnit4Provider.invoke(JUnit4Provider.java:161)
	at org.apache.maven.surefire.booter.ForkedBooter.invokeProviderInSameClassLoader(ForkedBooter.java:290)
	at org.apache.maven.surefire.booter.ForkedBooter.runSuitesInProcess(ForkedBooter.java:242)
	at org.apache.maven.surefire.booter.ForkedBooter.main(ForkedBooter.java:121)
[2018-03-14 12:05:58.025]  WARN Message [topic=TEST_CONSOLE_TOPIC, flag=0, properties={KEYS=TEST_TOPIC_KEY, WAIT=true, UNIQ_KEY=C0A859EB30A4011E1E6742F81E43000F}, body=11]
[2018-03-14 12:05:58.026]  WARN AllocateMappedFileService service has exception. so return null
[2018-03-14 12:05:58.026] ERROR create maped file1 error, topic: TEST_CONSOLE_TOPIC clientAddr: 127.0.0.1
[2018-03-14 12:05:58.027]  WARN sendKernelImpl exception, resend at once, InvokeID: -6449945869978842733, RT: 2ms, Broker: MessageQueue [topic=TEST_CONSOLE_TOPIC, brokerName=ConsoleTestBroker, queueId=0]
org.apache.rocketmq.client.exception.MQBrokerException: CODE: 1  DESC: create mapped file failed, server is busy or broken.
For more information, please visit the url, http://rocketmq.apache.org/docs/faq/
	at org.apache.rocketmq.client.impl.MQClientAPIImpl.processSendResponse(MQClientAPIImpl.java:531)
	at org.apache.rocketmq.client.impl.MQClientAPIImpl.sendMessageSync(MQClientAPIImpl.java:345)
	at org.apache.rocketmq.client.impl.MQClientAPIImpl.sendMessage(MQClientAPIImpl.java:327)
	at org.apache.rocketmq.client.impl.MQClientAPIImpl.sendMessage(MQClientAPIImpl.java:290)
	at org.apache.rocketmq.client.impl.producer.DefaultMQProducerImpl.sendKernelImpl(DefaultMQProducerImpl.java:688)
	at org.apache.rocketmq.client.impl.producer.DefaultMQProducerImpl.sendDefaultImpl(DefaultMQProducerImpl.java:458)
	at org.apache.rocketmq.client.impl.producer.DefaultMQProducerImpl.send(DefaultMQProducerImpl.java:1049)
	at org.apache.rocketmq.client.impl.producer.DefaultMQProducerImpl.send(DefaultMQProducerImpl.java:1008)
	at org.apache.rocketmq.client.producer.DefaultMQProducer.send(DefaultMQProducer.java:204)
	at org.apache.rocketmq.console.testbase.RocketMQConsoleTestBase.sendTestTopicMessage(RocketMQConsoleTestBase.java:107)
	at org.apache.rocketmq.console.service.impl.MessageServiceImplTest.setUp(MessageServiceImplTest.java:56)
	at sun.reflect.NativeMethodAccessorImpl.invoke0(Native Method)
	at sun.reflect.NativeMethodAccessorImpl.invoke(NativeMethodAccessorImpl.java:57)
	at sun.reflect.DelegatingMethodAccessorImpl.invoke(DelegatingMethodAccessorImpl.java:43)
	at java.lang.reflect.Method.invoke(Method.java:606)
	at org.junit.runners.model.FrameworkMethod$1.runReflectiveCall(FrameworkMethod.java:50)
	at org.junit.internal.runners.model.ReflectiveCallable.run(ReflectiveCallable.java:12)
	at org.junit.runners.model.FrameworkMethod.invokeExplosively(FrameworkMethod.java:47)
	at org.junit.internal.runners.statements.RunBefores.evaluate(RunBefores.java:24)
	at org.springframework.test.context.junit4.statements.RunBeforeTestMethodCallbacks.evaluate(RunBeforeTestMethodCallbacks.java:75)
	at org.junit.internal.runners.statements.RunAfters.evaluate(RunAfters.java:27)
	at org.springframework.test.context.junit4.statements.RunAfterTestMethodCallbacks.evaluate(RunAfterTestMethodCallbacks.java:86)
	at org.springframework.test.context.junit4.statements.SpringRepeat.evaluate(SpringRepeat.java:84)
	at org.junit.runners.ParentRunner.runLeaf(ParentRunner.java:325)
	at org.springframework.test.context.junit4.SpringJUnit4ClassRunner.runChild(SpringJUnit4ClassRunner.java:252)
	at org.springframework.test.context.junit4.SpringJUnit4ClassRunner.runChild(SpringJUnit4ClassRunner.java:94)
	at org.junit.runners.ParentRunner$3.run(ParentRunner.java:290)
	at org.junit.runners.ParentRunner$1.schedule(ParentRunner.java:71)
	at org.junit.runners.ParentRunner.runChildren(ParentRunner.java:288)
	at org.junit.runners.ParentRunner.access$000(ParentRunner.java:58)
	at org.junit.runners.ParentRunner$2.evaluate(ParentRunner.java:268)
	at org.springframework.test.context.junit4.statements.RunBeforeTestClassCallbacks.evaluate(RunBeforeTestClassCallbacks.java:61)
	at org.springframework.test.context.junit4.statements.RunAfterTestClassCallbacks.evaluate(RunAfterTestClassCallbacks.java:70)
	at org.junit.runners.ParentRunner.run(ParentRunner.java:363)
	at org.springframework.test.context.junit4.SpringJUnit4ClassRunner.run(SpringJUnit4ClassRunner.java:191)
	at org.apache.maven.surefire.junit4.JUnit4Provider.execute(JUnit4Provider.java:367)
	at org.apache.maven.surefire.junit4.JUnit4Provider.executeWithRerun(JUnit4Provider.java:274)
	at org.apache.maven.surefire.junit4.JUnit4Provider.executeTestSet(JUnit4Provider.java:238)
	at org.apache.maven.surefire.junit4.JUnit4Provider.invoke(JUnit4Provider.java:161)
	at org.apache.maven.surefire.booter.ForkedBooter.invokeProviderInSameClassLoader(ForkedBooter.java:290)
	at org.apache.maven.surefire.booter.ForkedBooter.runSuitesInProcess(ForkedBooter.java:242)
	at org.apache.maven.surefire.booter.ForkedBooter.main(ForkedBooter.java:121)
[2018-03-14 12:05:58.028]  WARN Message [topic=TEST_CONSOLE_TOPIC, flag=0, properties={KEYS=TEST_TOPIC_KEY, WAIT=true, UNIQ_KEY=C0A859EB30A4011E1E6742F81E43000F}, body=11]
[2018-03-14 12:05:58.124] ERROR map file C:\Users\Administrator\rocketmq-console-test\20180314120526\commitlog\00000000000000000000 Failed. 
java.io.IOException: Map failed
	at sun.nio.ch.FileChannelImpl.map(FileChannelImpl.java:888)
	at org.apache.rocketmq.store.MappedFile.init(MappedFile.java:160)
	at org.apache.rocketmq.store.MappedFile.<init>(MappedFile.java:71)
	at org.apache.rocketmq.store.AllocateMappedFileService.mmapOperation(AllocateMappedFileService.java:182)
	at org.apache.rocketmq.store.AllocateMappedFileService.run(AllocateMappedFileService.java:143)
	at java.lang.Thread.run(Thread.java:745)
Caused by: java.lang.OutOfMemoryError: Map failed
	at sun.nio.ch.FileChannelImpl.map0(Native Method)
	at sun.nio.ch.FileChannelImpl.map(FileChannelImpl.java:885)
	... 5 common frames omitted
[2018-03-14 12:05:58.124]  WARN AllocateMappedFileService service has exception. 
java.io.IOException: Map failed
	at sun.nio.ch.FileChannelImpl.map(FileChannelImpl.java:888)
	at org.apache.rocketmq.store.MappedFile.init(MappedFile.java:160)
	at org.apache.rocketmq.store.MappedFile.<init>(MappedFile.java:71)
	at org.apache.rocketmq.store.AllocateMappedFileService.mmapOperation(AllocateMappedFileService.java:182)
	at org.apache.rocketmq.store.AllocateMappedFileService.run(AllocateMappedFileService.java:143)
	at java.lang.Thread.run(Thread.java:745)
Caused by: java.lang.OutOfMemoryError: Map failed
	at sun.nio.ch.FileChannelImpl.map0(Native Method)
	at sun.nio.ch.FileChannelImpl.map(FileChannelImpl.java:885)
	... 5 common frames omitted
[2018-03-14 12:05:58.339] ERROR map file C:\Users\Administrator\rocketmq-console-test\20180314120526\commitlog\00000000000000000000 Failed. 
java.io.IOException: Map failed
	at sun.nio.ch.FileChannelImpl.map(FileChannelImpl.java:888)
	at org.apache.rocketmq.store.MappedFile.init(MappedFile.java:160)
	at org.apache.rocketmq.store.MappedFile.<init>(MappedFile.java:71)
	at org.apache.rocketmq.store.AllocateMappedFileService.mmapOperation(AllocateMappedFileService.java:182)
	at org.apache.rocketmq.store.AllocateMappedFileService.run(AllocateMappedFileService.java:143)
	at java.lang.Thread.run(Thread.java:745)
Caused by: java.lang.OutOfMemoryError: Map failed
	at sun.nio.ch.FileChannelImpl.map0(Native Method)
	at sun.nio.ch.FileChannelImpl.map(FileChannelImpl.java:885)
	... 5 common frames omitted
[2018-03-14 12:05:58.340]  WARN AllocateMappedFileService service has exception. 
java.io.IOException: Map failed
	at sun.nio.ch.FileChannelImpl.map(FileChannelImpl.java:888)
	at org.apache.rocketmq.store.MappedFile.init(MappedFile.java:160)
	at org.apache.rocketmq.store.MappedFile.<init>(MappedFile.java:71)
	at org.apache.rocketmq.store.AllocateMappedFileService.mmapOperation(AllocateMappedFileService.java:182)
	at org.apache.rocketmq.store.AllocateMappedFileService.run(AllocateMappedFileService.java:143)
	at java.lang.Thread.run(Thread.java:745)
Caused by: java.lang.OutOfMemoryError: Map failed
	at sun.nio.ch.FileChannelImpl.map0(Native Method)
	at sun.nio.ch.FileChannelImpl.map(FileChannelImpl.java:885)
	... 5 common frames omitted
]]></system-out>
  </testcase>
</testsuite>